<?xml version="1.0" encoding="UTF-8"?>
<!-- Generated by org.testng.reporters.JUnitXMLReporter -->
<testsuite hostname="ICT-2003278-AQA" name="Schedules(failed)" tests="2" failures="0" timestamp="7 Apr 2023 09:33:50 GMT" time="61.023" errors="0">
  <testcase name="@BeforeMethod beforeMethod" time="0.0" classname="testcases.TC008_Schedules">
    <failure type="java.lang.RuntimeException" message="FAILED">
      <![CDATA[java.lang.RuntimeException: FAILED
	at utils.Reporter.reportStep(Reporter.java:36)
	at utils.Reporter.reportStep(Reporter.java:46)
	at wrappers.GenericWrappers.invokeApp(GenericWrappers.java:134)
	at wrappers.GenericWrappers.invokeApp(GenericWrappers.java:101)
	at wrappers.KMABase.beforeMethod(KMABase.java:42)
... Removed 26 stack frames]]>
    </failure>
  </testcase> <!-- @BeforeMethod beforeMethod -->
  <testcase name="@AfterMethod afterMethod" time="0.0" classname="testcases.TC008_Schedules">
    <skipped/>
  </testcase> <!-- @AfterMethod afterMethod -->
  <testcase name="@BeforeMethod beforeMethod" time="0.0" classname="testcases.TC008_Schedules">
    <skipped/>
  </testcase> <!-- @BeforeMethod beforeMethod -->
  <testcase name="@AfterMethod afterMethod" time="0.0" classname="testcases.TC008_Schedules">
    <skipped/>
  </testcase> <!-- @AfterMethod afterMethod -->
  <testcase name="@AfterTest afterTest" time="0.0" classname="testcases.TC008_Schedules">
    <skipped/>
  </testcase> <!-- @AfterTest afterTest -->
  <testcase name="enableParentToggle" time="0.001" classname="testcases.TC008_Schedules">
    <skipped/>
  </testcase> <!-- enableParentToggle -->
  <testcase name="scheduleIsDisplayedRemoteSection" time="0.001" classname="testcases.TC008_Schedules">
    <skipped/>
  </testcase> <!-- scheduleIsDisplayedRemoteSection -->
</testsuite> <!-- Schedules(failed) -->
