<?xml version="1.0" encoding="UTF-8"?>
<!-- Generated by org.testng.reporters.JUnitXMLReporter -->
<testsuite hostname="ICT-2003278-AQA" ignored="8" name="Test2" tests="3" failures="0" timestamp="07 Mar 2023 11:38:27 GMT" time="22.103" errors="0">
  <testcase name="@BeforeMethod beforeMethod" time="4.278" classname="wrappers.KMA">
    <failure type="java.lang.RuntimeException" message="FAILED">
      <![CDATA[java.lang.RuntimeException: FAILED
at utils.Reporter.reportStep(Reporter.java:34)
at utils.Reporter.reportStep(Reporter.java:44)
at wrappers.BaseClass.invokeApp(BaseClass.java:105)
at wrappers.BaseClass.invokeApp(BaseClass.java:72)
at wrappers.KMA.beforeMethod(KMA.java:35)
... Removed 28 stack frames]]>
    </failure>
  </testcase> <!-- @BeforeMethod beforeMethod -->
  <testcase name="@AfterMethod afterMethod" time="0.0" classname="wrappers.KMA">
    <skipped/>
  </testcase> <!-- @AfterMethod afterMethod -->
  <testcase name="@BeforeMethod beforeMethod" time="5.022" classname="wrappers.KMA">
    <failure type="java.lang.RuntimeException" message="FAILED">
      <![CDATA[java.lang.RuntimeException: FAILED
at utils.Reporter.reportStep(Reporter.java:34)
at utils.Reporter.reportStep(Reporter.java:44)
at wrappers.BaseClass.invokeApp(BaseClass.java:105)
at wrappers.BaseClass.invokeApp(BaseClass.java:72)
at wrappers.KMA.beforeMethod(KMA.java:35)
... Removed 28 stack frames]]>
    </failure>
  </testcase> <!-- @BeforeMethod beforeMethod -->
  <testcase name="@AfterMethod afterMethod" time="0.0" classname="wrappers.KMA">
    <skipped/>
  </testcase> <!-- @AfterMethod afterMethod -->
  <testcase name="createAccount" time="2.709" classname="testcases.TC001_1_CA_5440906"/>
  <testcase name="createAccount" time="0.0" classname="testcases.TC001_2_CA_5440910">
    <skipped/>
  </testcase> <!-- createAccount -->
  <testcase name="createAccount" time="0.0" classname="testcases.TC001_3_CA_5440912">
    <skipped/>
  </testcase> <!-- createAccount -->
  <testcase name="@BeforeTest beforeTest" time="0.0" classname="wrappers.KMA">
    <ignored/>
  </testcase> <!-- @BeforeTest beforeTest -->
  <testcase name="@BeforeTest beforeTest" time="0.0" classname="wrappers.KMA">
    <ignored/>
  </testcase> <!-- @BeforeTest beforeTest -->
  <testcase name="@AfterSuite afterSuite" time="0.0" classname="wrappers.KMA">
    <ignored/>
  </testcase> <!-- @AfterSuite afterSuite -->
  <testcase name="@AfterSuite afterSuite" time="0.0" classname="wrappers.KMA">
    <ignored/>
  </testcase> <!-- @AfterSuite afterSuite -->
  <testcase name="@BeforeSuite beforeSuite" time="0.0" classname="wrappers.KMA">
    <ignored/>
  </testcase> <!-- @BeforeSuite beforeSuite -->
  <testcase name="@BeforeSuite beforeSuite" time="0.0" classname="wrappers.KMA">
    <ignored/>
  </testcase> <!-- @BeforeSuite beforeSuite -->
  <testcase name="@AfterTest afterTest" time="0.0" classname="wrappers.KMA">
    <ignored/>
  </testcase> <!-- @AfterTest afterTest -->
  <testcase name="@AfterTest afterTest" time="0.0" classname="wrappers.KMA">
    <ignored/>
  </testcase> <!-- @AfterTest afterTest -->
</testsuite> <!-- Test2 -->
