<?xml version="1.0" encoding="UTF-8"?>
<!-- Generated by org.testng.reporters.JUnitXMLReporter -->
<testsuite hostname="ICT-2003278-AQA" name="Default test" tests="4" failures="0" timestamp="31 Mar 2023 11:01:06 GMT" time="0.424" errors="0">
  <testcase name="RemoteSection_5754485" time="0.094" classname="testcases.TC007_RemoteSection">
    <skipped/>
  </testcase> <!-- RemoteSection_5754485 -->
  <testcase name="RemoteSectionDoorLock" time="0.005" classname="testcases.TC007_RemoteSection">
    <skipped/>
  </testcase> <!-- RemoteSectionDoorLock -->
  <testcase name="RemoteSectionClimateStart" time="0.005" classname="testcases.TC007_RemoteSection">
    <skipped/>
  </testcase> <!-- RemoteSectionClimateStart -->
  <testcase name="RemoteSectionClimateStop" time="0.005" classname="testcases.TC007_RemoteSection">
    <skipped/>
  </testcase> <!-- RemoteSectionClimateStop -->
</testsuite> <!-- Default test -->
