<?xml version="1.0" encoding="UTF-8"?>
<!-- Generated by org.testng.reporters.JUnitXMLReporter -->
<testsuite hostname="ICT-2003278-AQA" name="Schedules(failed)(failed)" tests="2" failures="0" timestamp="7 Apr 2023 09:58:34 GMT" time="72.295" errors="0">
  <testcase name="enableParentToggle" time="29.09" classname="testcases.TC008_Schedules"/>
  <testcase name="scheduleIsDisplayedRemoteSection" time="22.103" classname="testcases.TC008_Schedules"/>
</testsuite> <!-- Schedules(failed)(failed) -->
