<?xml version="1.0" encoding="UTF-8"?>
<!-- Generated by org.testng.reporters.JUnitXMLReporter -->
<testsuite hostname="ICT-2003278-AQA" name="Dashboard" tests="4" failures="0" timestamp="7 Apr 2023 10:35:47 GMT" time="202.813" errors="0">
  <testcase name="DashboardClickDoorUnLock" time="51.514" classname="testcases.TC005_Dashboard"/>
  <testcase name="DashboardClickDoorLock" time="34.996" classname="testcases.TC005_Dashboard"/>
  <testcase name="DashboardLastRefreshExist" time="18.056" classname="testcases.TC005_Dashboard"/>
  <testcase name="DashboardClickRemoteClimateStartWithToggles" time="37.859" classname="testcases.TC005_Dashboard"/>
</testsuite> <!-- Dashboard -->
