<?xml version="1.0" encoding="UTF-8"?>
<!-- Generated by org.testng.reporters.JUnitXMLReporter -->
<testsuite hostname="ICT-2003278-AQA" name="Location" tests="3" failures="0" timestamp="24 Mar 2023 10:14:09 GMT" time="121.191" errors="0">
  <testcase name="LocationsVehicleCurrentLocation" time="30.289" classname="testcases.TC009_Locations"/>
  <testcase name="LocationsSavePOI" time="33.482" classname="testcases.TC009_Locations"/>
  <testcase name="LocationsDeletePOI" time="28.724" classname="testcases.TC009_Locations"/>
</testsuite> <!-- Location -->
