<?xml version="1.0" encoding="UTF-8"?>
<!-- Generated by org.testng.reporters.JUnitXMLReporter -->
<testsuite hostname="ICT-2003278-AQA" name="Login" tests="5" failures="0" timestamp="7 Apr 2023 10:31:29 GMT" time="125.903" errors="0">
  <testcase name="verifySignInIsDisplayed" time="2.526" classname="testcases.TC002_Login"/>
  <testcase name="verifyLoginIn" time="8.786" classname="testcases.TC002_Login"/>
  <testcase name="verifyForgotPassword" time="4.331" classname="testcases.TC002_Login"/>
  <testcase name="verifyRememberMecheckbox" time="18.342" classname="testcases.TC002_Login"/>
  <testcase name="verifyLogout" time="13.946" classname="testcases.TC002_Login"/>
</testsuite> <!-- Login -->
