<?xml version="1.0" encoding="UTF-8"?>
<!-- Generated by org.testng.reporters.JUnitXMLReporter -->
<testsuite hostname="ICT-2003278-AQA" name="testcases.TC001_CreateAccount" tests="3" failures="0" timestamp="20 Mar 2023 06:43:08 GMT" time="69.566" errors="0">
  <testcase name="CA_5440906" time="2.629" classname="testcases.TC001_CreateAccount"/>
  <testcase name="CA_5440910" time="13.93" classname="testcases.TC001_CreateAccount"/>
  <testcase name="CA_5440912" time="11.635" classname="testcases.TC001_CreateAccount"/>
</testsuite> <!-- testcases.TC001_CreateAccount -->
