<?xml version="1.0" encoding="UTF-8"?>
<!-- Generated by org.testng.reporters.JUnitXMLReporter -->
<testsuite hostname="ICT-2003278-AQA" name="Create Account" tests="3" failures="0" timestamp="7 Apr 2023 10:29:23 GMT" time="80.217" errors="0">
  <testcase name="verifyCreateAccount" time="3.039" classname="testcases.TC001_CreateAccount"/>
  <testcase name="clickTermsOfServiceLink" time="16.621" classname="testcases.TC001_CreateAccount"/>
  <testcase name="clickPrivacyPolicyLink" time="13.41" classname="testcases.TC001_CreateAccount"/>
</testsuite> <!-- Create Account -->
