<?xml version="1.0" encoding="UTF-8"?>
<!-- Generated by org.testng.reporters.JUnitXMLReporter -->
<testsuite hostname="ICT-2003278-AQA" name="Locations" tests="3" failures="0" timestamp="7 Apr 2023 10:47:31 GMT" time="154.478" errors="0">
  <testcase name="LocationsVehicleCurrentLocation" time="31.224" classname="testcases.TC009_Locations"/>
  <testcase name="LocationsSavePOI" time="39.193" classname="testcases.TC009_Locations"/>
  <testcase name="LocationsDeletePOI" time="39.568" classname="testcases.TC009_Locations"/>
</testsuite> <!-- Locations -->
