<?xml version="1.0" encoding="UTF-8"?>
<!-- Generated by org.testng.reporters.JUnitXMLReporter -->
<testsuite hostname="H0114864H96635" failures="4" tests="15" name="Smoke-Testing" time="270.351" errors="0" timestamp="17 Mar 2023 03:36:01 GMT">
  <testcase classname="testcases.TC005_Dashboard" name="@AfterMethod afterMethod" time="0.0">
    <failure type="java.lang.StackOverflowError">
      <![CDATA[java.lang.StackOverflowError
	at java.base/java.lang.StackStreamFactory$AbstractStackWalker.fetchStackFrames(StackStreamFactory.java:384)
	at java.base/java.lang.StackStreamFactory$AbstractStackWalker.getNextBatch(StackStreamFactory.java:322)
	at java.base/java.lang.StackStreamFactory$AbstractStackWalker.peekFrame(StackStreamFactory.java:263)
	at java.base/java.lang.StackStreamFactory$AbstractStackWalker.hasNext(StackStreamFactory.java:351)
	at java.base/java.lang.StackStreamFactory$StackFrameTraverser.tryAdvance(StackStreamFactory.java:593)
	at java.base/java.util.stream.ReferencePipeline.forEachWithCancel(ReferencePipeline.java:129)
	at java.base/java.util.stream.AbstractPipeline.copyIntoWithCancel(AbstractPipeline.java:527)
	at java.base/java.util.stream.AbstractPipeline.copyInto(AbstractPipeline.java:513)
	at java.base/java.util.stream.AbstractPipeline.wrapAndCopyInto(AbstractPipeline.java:499)
	at java.base/java.util.stream.FindOps$FindOp.evaluateSequential(FindOps.java:150)
	at java.base/java.util.stream.AbstractPipeline.evaluate(AbstractPipeline.java:234)
	at java.base/java.util.stream.ReferencePipeline.findFirst(ReferencePipeline.java:647)
	at java.logging/java.util.logging.LogRecord$CallerFinder.lambda$get$1(LogRecord.java:784)
	at java.base/java.lang.StackStreamFactory$StackFrameTraverser.consumeFrames(StackStreamFactory.java:534)
	at java.base/java.lang.StackStreamFactory$AbstractStackWalker.doStackWalk(StackStreamFactory.java:306)
	at java.base/java.lang.StackStreamFactory$AbstractStackWalker.callStackWalk(Native Method)
	at java.base/java.lang.StackStreamFactory$AbstractStackWalker.beginStackWalk(StackStreamFactory.java:370)
	at java.base/java.lang.StackStreamFactory$AbstractStackWalker.walk(StackStreamFactory.java:243)
	at java.base/java.lang.StackWalker.walk(StackWalker.java:499)
	at java.logging/java.util.logging.LogRecord$CallerFinder.get(LogRecord.java:784)
	at java.logging/java.util.logging.LogRecord.inferCaller(LogRecord.java:757)
	at java.logging/java.util.logging.LogRecord.getSourceClassName(LogRecord.java:351)
	at java.logging/java.util.logging.SimpleFormatter.format(SimpleFormatter.java:163)
	at java.logging/java.util.logging.StreamHandler.publish(StreamHandler.java:199)
	at java.logging/java.util.logging.ConsoleHandler.publish(ConsoleHandler.java:95)
	at java.logging/java.util.logging.Logger.log(Logger.java:980)
	at java.logging/java.util.logging.Logger.doLog(Logger.java:1007)
	at java.logging/java.util.logging.Logger.log(Logger.java:1030)
	at java.logging/java.util.logging.Logger.info(Logger.java:1803)
	at org.openqa.selenium.remote.ErrorCodes.toStatus(ErrorCodes.java:143)
	at org.openqa.selenium.remote.http.W3CHttpResponseCodec.decode(W3CHttpResponseCodec.java:105)
	at org.openqa.selenium.remote.http.W3CHttpResponseCodec.decode(W3CHttpResponseCodec.java:49)
	at org.openqa.selenium.remote.HttpCommandExecutor.execute(HttpCommandExecutor.java:164)
	at org.openqa.selenium.remote.service.DriverCommandExecutor.execute(DriverCommandExecutor.java:83)
	at org.openqa.selenium.remote.RemoteWebDriver.execute(RemoteWebDriver.java:586)
	at org.openqa.selenium.remote.RemoteWebDriver.execute(RemoteWebDriver.java:643)
	at org.openqa.selenium.remote.RemoteWebDriver.getScreenshotAs(RemoteWebDriver.java:328)
	at wrappers.GenericWrappers.takeSnap(GenericWrappers.java:675)
	at utils.Reporter.reportStep(Reporter.java:23)
	at utils.Reporter.reportStep(Reporter.java:46)
	at wrappers.GenericWrappers.takeSnap(GenericWrappers.java:677)
	at utils.Reporter.reportStep(Reporter.java:23)
	at utils.Reporter.reportStep(Reporter.java:46)
	at wrappers.GenericWrappers.takeSnap(GenericWrappers.java:677)
	at utils.Reporter.reportStep(Reporter.java:23)
	at utils.Reporter.reportStep(Reporter.java:46)
	at wrappers.GenericWrappers.takeSnap(GenericWrappers.java:677)
	at utils.Reporter.reportStep(Reporter.java:23)
	at utils.Reporter.reportStep(Reporter.java:46)
	at wrappers.GenericWrappers.takeSnap(GenericWrappers.java:677)
	at utils.Reporter.reportStep(Reporter.java:23)
	at utils.Reporter.reportStep(Reporter.java:46)
	at wrappers.GenericWrappers.takeSnap(GenericWrappers.java:677)
	at utils.Reporter.reportStep(Reporter.java:23)
	at utils.Reporter.reportStep(Reporter.java:46)
	at wrappers.GenericWrappers.takeSnap(GenericWrappers.java:677)
	at utils.Reporter.reportStep(Reporter.java:23)
	at utils.Reporter.reportStep(Reporter.java:46)
	at wrappers.GenericWrappers.takeSnap(GenericWrappers.java:677)
	at utils.Reporter.reportStep(Reporter.java:23)
	at utils.Reporter.reportStep(Reporter.java:46)
	at wrappers.GenericWrappers.takeSnap(GenericWrappers.java:677)
	at utils.Reporter.reportStep(Reporter.java:23)
	at utils.Reporter.reportStep(Reporter.java:46)
	at wrappers.GenericWrappers.takeSnap(GenericWrappers.java:677)
	at utils.Reporter.reportStep(Reporter.java:23)
	at utils.Reporter.reportStep(Reporter.java:46)
	at wrappers.GenericWrappers.takeSnap(GenericWrappers.java:677)
	at utils.Reporter.reportStep(Reporter.java:23)
	at utils.Reporter.reportStep(Reporter.java:46)
	at wrappers.GenericWrappers.takeSnap(GenericWrappers.java:677)
	at utils.Reporter.reportStep(Reporter.java:23)
	at utils.Reporter.reportStep(Reporter.java:46)
	at wrappers.GenericWrappers.takeSnap(GenericWrappers.java:677)
	at utils.Reporter.reportStep(Reporter.java:23)
	at utils.Reporter.reportStep(Reporter.java:46)
	at wrappers.GenericWrappers.takeSnap(GenericWrappers.java:677)
	at utils.Reporter.reportStep(Reporter.java:23)
	at utils.Reporter.reportStep(Reporter.java:46)
	at wrappers.GenericWrappers.takeSnap(GenericWrappers.java:677)
	at utils.Reporter.reportStep(Reporter.java:23)
	at utils.Reporter.reportStep(Reporter.java:46)
	at wrappers.GenericWrappers.takeSnap(GenericWrappers.java:677)
	at utils.Reporter.reportStep(Reporter.java:23)
	at utils.Reporter.reportStep(Reporter.java:46)
	at wrappers.GenericWrappers.takeSnap(GenericWrappers.java:677)
	at utils.Reporter.reportStep(Reporter.java:23)
	at utils.Reporter.reportStep(Reporter.java:46)
	at wrappers.GenericWrappers.takeSnap(GenericWrappers.java:677)
	at utils.Reporter.reportStep(Reporter.java:23)
	at utils.Reporter.reportStep(Reporter.java:46)
	at wrappers.GenericWrappers.takeSnap(GenericWrappers.java:677)
	at utils.Reporter.reportStep(Reporter.java:23)
	at utils.Reporter.reportStep(Reporter.java:46)
	at wrappers.GenericWrappers.takeSnap(GenericWrappers.java:677)
	at utils.Reporter.reportStep(Reporter.java:23)
	at utils.Reporter.reportStep(Reporter.java:46)
	at wrappers.GenericWrappers.takeSnap(GenericWrappers.java:677)
	at utils.Reporter.reportStep(Reporter.java:23)
	at utils.Reporter.reportStep(Reporter.java:46)
	at wrappers.GenericWrappers.takeSnap(GenericWrappers.java:677)
	at utils.Reporter.reportStep(Reporter.java:23)
	at utils.Reporter.reportStep(Reporter.java:46)
	at wrappers.GenericWrappers.takeSnap(GenericWrappers.java:677)
	at utils.Reporter.reportStep(Reporter.java:23)
	at utils.Reporter.reportStep(Reporter.java:46)
	at wrappers.GenericWrappers.takeSnap(GenericWrappers.java:677)
	at utils.Reporter.reportStep(Reporter.java:23)
	at utils.Reporter.reportStep(Reporter.java:46)
	at wrappers.GenericWrappers.takeSnap(GenericWrappers.java:677)
	at utils.Reporter.reportStep(Reporter.java:23)
	at utils.Reporter.reportStep(Reporter.java:46)
	at wrappers.GenericWrappers.takeSnap(GenericWrappers.java:677)
	at utils.Reporter.reportStep(Reporter.java:23)
	at utils.Reporter.reportStep(Reporter.java:46)
	at wrappers.GenericWrappers.takeSnap(GenericWrappers.java:677)
	at utils.Reporter.reportStep(Reporter.java:23)
	at utils.Reporter.reportStep(Reporter.java:46)
	at wrappers.GenericWrappers.takeSnap(GenericWrappers.java:677)
	at utils.Reporter.reportStep(Reporter.java:23)
	at utils.Reporter.reportStep(Reporter.java:46)
	at wrappers.GenericWrappers.takeSnap(GenericWrappers.java:677)
	at utils.Reporter.reportStep(Reporter.java:23)
	at utils.Reporter.reportStep(Reporter.java:46)
	at wrappers.GenericWrappers.takeSnap(GenericWrappers.java:677)
	at utils.Reporter.reportStep(Reporter.java:23)
	at utils.Reporter.reportStep(Reporter.java:46)
	at wrappers.GenericWrappers.takeSnap(GenericWrappers.java:677)
	at utils.Reporter.reportStep(Reporter.java:23)
	at utils.Reporter.reportStep(Reporter.java:46)
	at wrappers.GenericWrappers.takeSnap(GenericWrappers.java:677)
	at utils.Reporter.reportStep(Reporter.java:23)
	at utils.Reporter.reportStep(Reporter.java:46)
	at wrappers.GenericWrappers.takeSnap(GenericWrappers.java:677)
	at utils.Reporter.reportStep(Reporter.java:23)
	at utils.Reporter.reportStep(Reporter.java:46)
	at wrappers.GenericWrappers.takeSnap(GenericWrappers.java:677)
	at utils.Reporter.reportStep(Reporter.java:23)
	at utils.Reporter.reportStep(Reporter.java:46)
	at wrappers.GenericWrappers.takeSnap(GenericWrappers.java:677)
	at utils.Reporter.reportStep(Reporter.java:23)
	at utils.Reporter.reportStep(Reporter.java:46)
	at wrappers.GenericWrappers.takeSnap(GenericWrappers.java:677)
	at utils.Reporter.reportStep(Reporter.java:23)
	at utils.Reporter.reportStep(Reporter.java:46)
	at wrappers.GenericWrappers.takeSnap(GenericWrappers.java:677)
	at utils.Reporter.reportStep(Reporter.java:23)
	at utils.Reporter.reportStep(Reporter.java:46)
	at wrappers.GenericWrappers.takeSnap(GenericWrappers.java:677)
	at utils.Reporter.reportStep(Reporter.java:23)
	at utils.Reporter.reportStep(Reporter.java:46)
	at wrappers.GenericWrappers.takeSnap(GenericWrappers.java:677)
	at utils.Reporter.reportStep(Reporter.java:23)
	at utils.Reporter.reportStep(Reporter.java:46)
	at wrappers.GenericWrappers.takeSnap(GenericWrappers.java:677)
	at utils.Reporter.reportStep(Reporter.java:23)
	at utils.Reporter.reportStep(Reporter.java:46)
	at wrappers.GenericWrappers.takeSnap(GenericWrappers.java:677)
	at utils.Reporter.reportStep(Reporter.java:23)
	at utils.Reporter.reportStep(Reporter.java:46)
	at wrappers.GenericWrappers.takeSnap(GenericWrappers.java:677)
	at utils.Reporter.reportStep(Reporter.java:23)
	at utils.Reporter.reportStep(Reporter.java:46)
	at wrappers.GenericWrappers.takeSnap(GenericWrappers.java:677)
	at utils.Reporter.reportStep(Reporter.java:23)
	at utils.Reporter.reportStep(Reporter.java:46)
	at wrappers.GenericWrappers.takeSnap(GenericWrappers.java:677)
	at utils.Reporter.reportStep(Reporter.java:23)
	at utils.Reporter.reportStep(Reporter.java:46)
	at wrappers.GenericWrappers.takeSnap(GenericWrappers.java:677)
	at utils.Reporter.reportStep(Reporter.java:23)
	at utils.Reporter.reportStep(Reporter.java:46)
	at wrappers.GenericWrappers.takeSnap(GenericWrappers.java:677)
	at utils.Reporter.reportStep(Reporter.java:23)
	at utils.Reporter.reportStep(Reporter.java:46)
	at wrappers.GenericWrappers.takeSnap(GenericWrappers.java:677)
	at utils.Reporter.reportStep(Reporter.java:23)
	at utils.Reporter.reportStep(Reporter.java:46)
	at wrappers.GenericWrappers.takeSnap(GenericWrappers.java:677)
	at utils.Reporter.reportStep(Reporter.java:23)
	at utils.Reporter.reportStep(Reporter.java:46)
	at wrappers.GenericWrappers.takeSnap(GenericWrappers.java:677)
	at utils.Reporter.reportStep(Reporter.java:23)
	at utils.Reporter.reportStep(Reporter.java:46)
	at wrappers.GenericWrappers.takeSnap(GenericWrappers.java:677)
	at utils.Reporter.reportStep(Reporter.java:23)
	at utils.Reporter.reportStep(Reporter.java:46)
	at wrappers.GenericWrappers.takeSnap(GenericWrappers.java:677)
	at utils.Reporter.reportStep(Reporter.java:23)
	at utils.Reporter.reportStep(Reporter.java:46)
	at wrappers.GenericWrappers.takeSnap(GenericWrappers.java:677)
	at utils.Reporter.reportStep(Reporter.java:23)
	at utils.Reporter.reportStep(Reporter.java:46)
	at wrappers.GenericWrappers.takeSnap(GenericWrappers.java:677)
	at utils.Reporter.reportStep(Reporter.java:23)
	at utils.Reporter.reportStep(Reporter.java:46)
	at wrappers.GenericWrappers.takeSnap(GenericWrappers.java:677)
	at utils.Reporter.reportStep(Reporter.java:23)
	at utils.Reporter.reportStep(Reporter.java:46)
	at wrappers.GenericWrappers.takeSnap(GenericWrappers.java:677)
	at utils.Reporter.reportStep(Reporter.java:23)
	at utils.Reporter.reportStep(Reporter.java:46)
	at wrappers.GenericWrappers.takeSnap(GenericWrappers.java:677)
	at utils.Reporter.reportStep(Reporter.java:23)
	at utils.Reporter.reportStep(Reporter.java:46)
	at wrappers.GenericWrappers.takeSnap(GenericWrappers.java:677)
	at utils.Reporter.reportStep(Reporter.java:23)
	at utils.Reporter.reportStep(Reporter.java:46)
	at wrappers.GenericWrappers.takeSnap(GenericWrappers.java:677)
	at utils.Reporter.reportStep(Reporter.java:23)
	at utils.Reporter.reportStep(Reporter.java:46)
	at wrappers.GenericWrappers.takeSnap(GenericWrappers.java:677)
	at utils.Reporter.reportStep(Reporter.java:23)
	at utils.Reporter.reportStep(Reporter.java:46)
	at wrappers.GenericWrappers.takeSnap(GenericWrappers.java:677)
	at utils.Reporter.reportStep(Reporter.java:23)
	at utils.Reporter.reportStep(Reporter.java:46)
	at wrappers.GenericWrappers.takeSnap(GenericWrappers.java:677)
	at utils.Reporter.reportStep(Reporter.java:23)
	at utils.Reporter.reportStep(Reporter.java:46)
	at wrappers.GenericWrappers.takeSnap(GenericWrappers.java:677)
	at utils.Reporter.reportStep(Reporter.java:23)
	at utils.Reporter.reportStep(Reporter.java:46)
	at wrappers.GenericWrappers.takeSnap(GenericWrappers.java:677)
	at utils.Reporter.reportStep(Reporter.java:23)
	at utils.Reporter.reportStep(Reporter.java:46)
	at wrappers.GenericWrappers.takeSnap(GenericWrappers.java:677)
	at utils.Reporter.reportStep(Reporter.java:23)
	at utils.Reporter.reportStep(Reporter.java:46)
	at wrappers.GenericWrappers.takeSnap(GenericWrappers.java:677)
	at utils.Reporter.reportStep(Reporter.java:23)
	at utils.Reporter.reportStep(Reporter.java:46)
	at wrappers.GenericWrappers.takeSnap(GenericWrappers.java:677)
	at utils.Reporter.reportStep(Reporter.java:23)
	at utils.Reporter.reportStep(Reporter.java:46)
	at wrappers.GenericWrappers.takeSnap(GenericWrappers.java:677)
	at utils.Reporter.reportStep(Reporter.java:23)
	at utils.Reporter.reportStep(Reporter.java:46)
	at wrappers.GenericWrappers.takeSnap(GenericWrappers.java:677)
	at utils.Reporter.reportStep(Reporter.java:23)
	at utils.Reporter.reportStep(Reporter.java:46)
	at wrappers.GenericWrappers.takeSnap(GenericWrappers.java:677)
	at utils.Reporter.reportStep(Reporter.java:23)
	at utils.Reporter.reportStep(Reporter.java:46)
	at wrappers.GenericWrappers.takeSnap(GenericWrappers.java:677)
	at utils.Reporter.reportStep(Reporter.java:23)
	at utils.Reporter.reportStep(Reporter.java:46)
	at wrappers.GenericWrappers.takeSnap(GenericWrappers.java:677)
	at utils.Reporter.reportStep(Reporter.java:23)
	at utils.Reporter.reportStep(Reporter.java:46)
	at wrappers.GenericWrappers.takeSnap(GenericWrappers.java:677)
	at utils.Reporter.reportStep(Reporter.java:23)
	at utils.Reporter.reportStep(Reporter.java:46)
	at wrappers.GenericWrappers.takeSnap(GenericWrappers.java:677)
	at utils.Reporter.reportStep(Reporter.java:23)
	at utils.Reporter.reportStep(Reporter.java:46)
	at wrappers.GenericWrappers.takeSnap(GenericWrappers.java:677)
	at utils.Reporter.reportStep(Reporter.java:23)
	at utils.Reporter.reportStep(Reporter.java:46)
	at wrappers.GenericWrappers.takeSnap(GenericWrappers.java:677)
	at utils.Reporter.reportStep(Reporter.java:23)
	at utils.Reporter.reportStep(Reporter.java:46)
	at wrappers.GenericWrappers.takeSnap(GenericWrappers.java:677)
	at utils.Reporter.reportStep(Reporter.java:23)
	at utils.Reporter.reportStep(Reporter.java:46)
	at wrappers.GenericWrappers.takeSnap(GenericWrappers.java:677)
	at utils.Reporter.reportStep(Reporter.java:23)
	at utils.Reporter.reportStep(Reporter.java:46)
	at wrappers.GenericWrappers.takeSnap(GenericWrappers.java:677)
	at utils.Reporter.reportStep(Reporter.java:23)
	at utils.Reporter.reportStep(Reporter.java:46)
	at wrappers.GenericWrappers.takeSnap(GenericWrappers.java:677)
	at utils.Reporter.reportStep(Reporter.java:23)
	at utils.Reporter.reportStep(Reporter.java:46)
	at wrappers.GenericWrappers.takeSnap(GenericWrappers.java:677)
	at utils.Reporter.reportStep(Reporter.java:23)
	at utils.Reporter.reportStep(Reporter.java:46)
	at wrappers.GenericWrappers.takeSnap(GenericWrappers.java:677)
	at utils.Reporter.reportStep(Reporter.java:23)
	at utils.Reporter.reportStep(Reporter.java:46)
	at wrappers.GenericWrappers.takeSnap(GenericWrappers.java:677)
	at utils.Reporter.reportStep(Reporter.java:23)
	at utils.Reporter.reportStep(Reporter.java:46)
	at wrappers.GenericWrappers.takeSnap(GenericWrappers.java:677)
	at utils.Reporter.reportStep(Reporter.java:23)
	at utils.Reporter.reportStep(Reporter.java:46)
	at wrappers.GenericWrappers.takeSnap(GenericWrappers.java:677)
	at utils.Reporter.reportStep(Reporter.java:23)
	at utils.Reporter.reportStep(Reporter.java:46)
	at wrappers.GenericWrappers.takeSnap(GenericWrappers.java:677)
	at utils.Reporter.reportStep(Reporter.java:23)
	at utils.Reporter.reportStep(Reporter.java:46)
	at wrappers.GenericWrappers.takeSnap(GenericWrappers.java:677)
	at utils.Reporter.reportStep(Reporter.java:23)
	at utils.Reporter.reportStep(Reporter.java:46)
	at wrappers.GenericWrappers.takeSnap(GenericWrappers.java:677)
	at utils.Reporter.reportStep(Reporter.java:23)
	at utils.Reporter.reportStep(Reporter.java:46)
	at wrappers.GenericWrappers.takeSnap(GenericWrappers.java:677)
	at utils.Reporter.reportStep(Reporter.java:23)
	at utils.Reporter.reportStep(Reporter.java:46)
	at wrappers.GenericWrappers.takeSnap(GenericWrappers.java:677)
	at utils.Reporter.reportStep(Reporter.java:23)
	at utils.Reporter.reportStep(Reporter.java:46)
	at wrappers.GenericWrappers.takeSnap(GenericWrappers.java:677)
	at utils.Reporter.reportStep(Reporter.java:23)
	at utils.Reporter.reportStep(Reporter.java:46)
	at wrappers.GenericWrappers.takeSnap(GenericWrappers.java:677)
	at utils.Reporter.reportStep(Reporter.java:23)
	at utils.Reporter.reportStep(Reporter.java:46)
	at wrappers.GenericWrappers.takeSnap(GenericWrappers.java:677)
	at utils.Reporter.reportStep(Reporter.java:23)
	at utils.Reporter.reportStep(Reporter.java:46)
	at wrappers.GenericWrappers.takeSnap(GenericWrappers.java:677)
	at utils.Reporter.reportStep(Reporter.java:23)
	at utils.Reporter.reportStep(Reporter.java:46)
	at wrappers.GenericWrappers.takeSnap(GenericWrappers.java:677)
	at utils.Reporter.reportStep(Reporter.java:23)
	at utils.Reporter.reportStep(Reporter.java:46)
	at wrappers.GenericWrappers.takeSnap(GenericWrappers.java:677)
	at utils.Reporter.reportStep(Reporter.java:23)
	at utils.Reporter.reportStep(Reporter.java:46)
	at wrappers.GenericWrappers.takeSnap(GenericWrappers.java:677)
	at utils.Reporter.reportStep(Reporter.java:23)
	at utils.Reporter.reportStep(Reporter.java:46)
	at wrappers.GenericWrappers.takeSnap(GenericWrappers.java:677)
	at utils.Reporter.reportStep(Reporter.java:23)
	at utils.Reporter.reportStep(Reporter.java:46)
	at wrappers.GenericWrappers.takeSnap(GenericWrappers.java:677)
	at utils.Reporter.reportStep(Reporter.java:23)
	at utils.Reporter.reportStep(Reporter.java:46)
	at wrappers.GenericWrappers.takeSnap(GenericWrappers.java:677)
	at utils.Reporter.reportStep(Reporter.java:23)
	at utils.Reporter.reportStep(Reporter.java:46)
	at wrappers.GenericWrappers.takeSnap(GenericWrappers.java:677)
	at utils.Reporter.reportStep(Reporter.java:23)
	at utils.Reporter.reportStep(Reporter.java:46)
	at wrappers.GenericWrappers.takeSnap(GenericWrappers.java:677)
	at utils.Reporter.reportStep(Reporter.java:23)
	at utils.Reporter.reportStep(Reporter.java:46)
	at wrappers.GenericWrappers.takeSnap(GenericWrappers.java:677)
	at utils.Reporter.reportStep(Reporter.java:23)
	at utils.Reporter.reportStep(Reporter.java:46)
	at wrappers.GenericWrappers.takeSnap(GenericWrappers.java:677)
	at utils.Reporter.reportStep(Reporter.java:23)
	at utils.Reporter.reportStep(Reporter.java:46)
	at wrappers.GenericWrappers.takeSnap(GenericWrappers.java:677)
	at utils.Reporter.reportStep(Reporter.java:23)
	at utils.Reporter.reportStep(Reporter.java:46)
	at wrappers.GenericWrappers.takeSnap(GenericWrappers.java:677)
	at utils.Reporter.reportStep(Reporter.java:23)
	at utils.Reporter.reportStep(Reporter.java:46)
	at wrappers.GenericWrappers.takeSnap(GenericWrappers.java:677)
	at utils.Reporter.reportStep(Reporter.java:23)
	at utils.Reporter.reportStep(Reporter.java:46)
	at wrappers.GenericWrappers.takeSnap(GenericWrappers.java:677)
	at utils.Reporter.reportStep(Reporter.java:23)
	at utils.Reporter.reportStep(Reporter.java:46)
	at wrappers.GenericWrappers.takeSnap(GenericWrappers.java:677)
	at utils.Reporter.reportStep(Reporter.java:23)
	at utils.Reporter.reportStep(Reporter.java:46)
	at wrappers.GenericWrappers.takeSnap(GenericWrappers.java:677)
	at utils.Reporter.reportStep(Reporter.java:23)
	at utils.Reporter.reportStep(Reporter.java:46)
	at wrappers.GenericWrappers.takeSnap(GenericWrappers.java:677)
	at utils.Reporter.reportStep(Reporter.java:23)
	at utils.Reporter.reportStep(Reporter.java:46)
	at wrappers.GenericWrappers.takeSnap(GenericWrappers.java:677)
	at utils.Reporter.reportStep(Reporter.java:23)
	at utils.Reporter.reportStep(Reporter.java:46)
	at wrappers.GenericWrappers.takeSnap(GenericWrappers.java:677)
	at utils.Reporter.reportStep(Reporter.java:23)
	at utils.Reporter.reportStep(Reporter.java:46)
	at wrappers.GenericWrappers.takeSnap(GenericWrappers.java:677)
	at utils.Reporter.reportStep(Reporter.java:23)
	at utils.Reporter.reportStep(Reporter.java:46)
	at wrappers.GenericWrappers.takeSnap(GenericWrappers.java:677)
	at utils.Reporter.reportStep(Reporter.java:23)
	at utils.Reporter.reportStep(Reporter.java:46)
	at wrappers.GenericWrappers.takeSnap(GenericWrappers.java:677)
	at utils.Reporter.reportStep(Reporter.java:23)
	at utils.Reporter.reportStep(Reporter.java:46)
	at wrappers.GenericWrappers.takeSnap(GenericWrappers.java:677)
	at utils.Reporter.reportStep(Reporter.java:23)
	at utils.Reporter.reportStep(Reporter.java:46)
	at wrappers.GenericWrappers.takeSnap(GenericWrappers.java:677)
	at utils.Reporter.reportStep(Reporter.java:23)
	at utils.Reporter.reportStep(Reporter.java:46)
	at wrappers.GenericWrappers.takeSnap(GenericWrappers.java:677)
	at utils.Reporter.reportStep(Reporter.java:23)
	at utils.Reporter.reportStep(Reporter.java:46)
	at wrappers.GenericWrappers.takeSnap(GenericWrappers.java:677)
	at utils.Reporter.reportStep(Reporter.java:23)
	at utils.Reporter.reportStep(Reporter.java:46)
	at wrappers.GenericWrappers.takeSnap(GenericWrappers.java:677)
	at utils.Reporter.reportStep(Reporter.java:23)
	at utils.Reporter.reportStep(Reporter.java:46)
	at wrappers.GenericWrappers.takeSnap(GenericWrappers.java:677)
	at utils.Reporter.reportStep(Reporter.java:23)
	at utils.Reporter.reportStep(Reporter.java:46)
	at wrappers.GenericWrappers.takeSnap(GenericWrappers.java:677)
	at utils.Reporter.reportStep(Reporter.java:23)
	at utils.Reporter.reportStep(Reporter.java:46)
	at wrappers.GenericWrappers.takeSnap(GenericWrappers.java:677)
	at utils.Reporter.reportStep(Reporter.java:23)
	at utils.Reporter.reportStep(Reporter.java:46)
	at wrappers.GenericWrappers.takeSnap(GenericWrappers.java:677)
	at utils.Reporter.reportStep(Reporter.java:23)
	at utils.Reporter.reportStep(Reporter.java:46)
	at wrappers.GenericWrappers.takeSnap(GenericWrappers.java:677)
	at utils.Reporter.reportStep(Reporter.java:23)
	at utils.Reporter.reportStep(Reporter.java:46)
	at wrappers.GenericWrappers.takeSnap(GenericWrappers.java:677)
	at utils.Reporter.reportStep(Reporter.java:23)
	at utils.Reporter.reportStep(Reporter.java:46)
	at wrappers.GenericWrappers.takeSnap(GenericWrappers.java:677)
	at utils.Reporter.reportStep(Reporter.java:23)
	at utils.Reporter.reportStep(Reporter.java:46)
	at wrappers.GenericWrappers.takeSnap(GenericWrappers.java:677)
	at utils.Reporter.reportStep(Reporter.java:23)
	at utils.Reporter.reportStep(Reporter.java:46)
	at wrappers.GenericWrappers.takeSnap(GenericWrappers.java:677)
	at utils.Reporter.reportStep(Reporter.java:23)
	at utils.Reporter.reportStep(Reporter.java:46)
	at wrappers.GenericWrappers.takeSnap(GenericWrappers.java:677)
	at utils.Reporter.reportStep(Reporter.java:23)
	at utils.Reporter.reportStep(Reporter.java:46)
	at wrappers.GenericWrappers.takeSnap(GenericWrappers.java:677)
	at utils.Reporter.reportStep(Reporter.java:23)
	at utils.Reporter.reportStep(Reporter.java:46)
	at wrappers.GenericWrappers.takeSnap(GenericWrappers.java:677)
	at utils.Reporter.reportStep(Reporter.java:23)
	at utils.Reporter.reportStep(Reporter.java:46)
	at wrappers.GenericWrappers.takeSnap(GenericWrappers.java:677)
	at utils.Reporter.reportStep(Reporter.java:23)
	at utils.Reporter.reportStep(Reporter.java:46)
	at wrappers.GenericWrappers.takeSnap(GenericWrappers.java:677)
	at utils.Reporter.reportStep(Reporter.java:23)
	at utils.Reporter.reportStep(Reporter.java:46)
	at wrappers.GenericWrappers.takeSnap(GenericWrappers.java:677)
	at utils.Reporter.reportStep(Reporter.java:23)
	at utils.Reporter.reportStep(Reporter.java:46)
	at wrappers.GenericWrappers.takeSnap(GenericWrappers.java:677)
	at utils.Reporter.reportStep(Reporter.java:23)
	at utils.Reporter.reportStep(Reporter.java:46)
	at wrappers.GenericWrappers.takeSnap(GenericWrappers.java:677)
	at utils.Reporter.reportStep(Reporter.java:23)
	at utils.Reporter.reportStep(Reporter.java:46)
	at wrappers.GenericWrappers.takeSnap(GenericWrappers.java:677)
	at utils.Reporter.reportStep(Reporter.java:23)
	at utils.Reporter.reportStep(Reporter.java:46)
	at wrappers.GenericWrappers.takeSnap(GenericWrappers.java:677)
	at utils.Reporter.reportStep(Reporter.java:23)
	at utils.Reporter.reportStep(Reporter.java:46)
	at wrappers.GenericWrappers.takeSnap(GenericWrappers.java:677)
	at utils.Reporter.reportStep(Reporter.java:23)
	at utils.Reporter.reportStep(Reporter.java:46)
	at wrappers.GenericWrappers.takeSnap(GenericWrappers.java:677)
	at utils.Reporter.reportStep(Reporter.java:23)
	at utils.Reporter.reportStep(Reporter.java:46)
	at wrappers.GenericWrappers.takeSnap(GenericWrappers.java:677)
	at utils.Reporter.reportStep(Reporter.java:23)
	at utils.Reporter.reportStep(Reporter.java:46)
	at wrappers.GenericWrappers.takeSnap(GenericWrappers.java:677)
	at utils.Reporter.reportStep(Reporter.java:23)
	at utils.Reporter.reportStep(Reporter.java:46)
	at wrappers.GenericWrappers.takeSnap(GenericWrappers.java:677)
	at utils.Reporter.reportStep(Reporter.java:23)
	at utils.Reporter.reportStep(Reporter.java:46)
	at wrappers.GenericWrappers.takeSnap(GenericWrappers.java:677)
	at utils.Reporter.reportStep(Reporter.java:23)
	at utils.Reporter.reportStep(Reporter.java:46)
	at wrappers.GenericWrappers.takeSnap(GenericWrappers.java:677)
	at utils.Reporter.reportStep(Reporter.java:23)
	at utils.Reporter.reportStep(Reporter.java:46)
	at wrappers.GenericWrappers.takeSnap(GenericWrappers.java:677)
	at utils.Reporter.reportStep(Reporter.java:23)
	at utils.Reporter.reportStep(Reporter.java:46)
	at wrappers.GenericWrappers.takeSnap(GenericWrappers.java:677)
	at utils.Reporter.reportStep(Reporter.java:23)
	at utils.Reporter.reportStep(Reporter.java:46)
	at wrappers.GenericWrappers.takeSnap(GenericWrappers.java:677)
	at utils.Reporter.reportStep(Reporter.java:23)
	at utils.Reporter.reportStep(Reporter.java:46)
	at wrappers.GenericWrappers.takeSnap(GenericWrappers.java:677)
	at utils.Reporter.reportStep(Reporter.java:23)
	at utils.Reporter.reportStep(Reporter.java:46)
	at wrappers.GenericWrappers.takeSnap(GenericWrappers.java:677)
	at utils.Reporter.reportStep(Reporter.java:23)
	at utils.Reporter.reportStep(Reporter.java:46)
	at wrappers.GenericWrappers.takeSnap(GenericWrappers.java:677)
	at utils.Reporter.reportStep(Reporter.java:23)
	at utils.Reporter.reportStep(Reporter.java:46)
	at wrappers.GenericWrappers.takeSnap(GenericWrappers.java:677)
	at utils.Reporter.reportStep(Reporter.java:23)
	at utils.Reporter.reportStep(Reporter.java:46)
	at wrappers.GenericWrappers.takeSnap(GenericWrappers.java:677)
	at utils.Reporter.reportStep(Reporter.java:23)
	at utils.Reporter.reportStep(Reporter.java:46)
	at wrappers.GenericWrappers.takeSnap(GenericWrappers.java:677)
	at utils.Reporter.reportStep(Reporter.java:23)
	at utils.Reporter.reportStep(Reporter.java:46)
	at wrappers.GenericWrappers.takeSnap(GenericWrappers.java:677)
	at utils.Reporter.reportStep(Reporter.java:23)
	at utils.Reporter.reportStep(Reporter.java:46)
	at wrappers.GenericWrappers.takeSnap(GenericWrappers.java:677)
	at utils.Reporter.reportStep(Reporter.java:23)
	at utils.Reporter.reportStep(Reporter.java:46)
	at wrappers.GenericWrappers.takeSnap(GenericWrappers.java:677)
	at utils.Reporter.reportStep(Reporter.java:23)
	at utils.Reporter.reportStep(Reporter.java:46)
	at wrappers.GenericWrappers.takeSnap(GenericWrappers.java:677)
	at utils.Reporter.reportStep(Reporter.java:23)
	at utils.Reporter.reportStep(Reporter.java:46)
	at wrappers.GenericWrappers.takeSnap(GenericWrappers.java:677)
	at utils.Reporter.reportStep(Reporter.java:23)
	at utils.Reporter.reportStep(Reporter.java:46)
	at wrappers.GenericWrappers.takeSnap(GenericWrappers.java:677)
	at utils.Reporter.reportStep(Reporter.java:23)
	at utils.Reporter.reportStep(Reporter.java:46)
	at wrappers.GenericWrappers.takeSnap(GenericWrappers.java:677)
	at utils.Reporter.reportStep(Reporter.java:23)
	at utils.Reporter.reportStep(Reporter.java:46)
	at wrappers.GenericWrappers.takeSnap(GenericWrappers.java:677)
	at utils.Reporter.reportStep(Reporter.java:23)
	at utils.Reporter.reportStep(Reporter.java:46)
	at wrappers.GenericWrappers.takeSnap(GenericWrappers.java:677)
	at utils.Reporter.reportStep(Reporter.java:23)
	at utils.Reporter.reportStep(Reporter.java:46)
	at wrappers.GenericWrappers.takeSnap(GenericWrappers.java:677)
	at utils.Reporter.reportStep(Reporter.java:23)
	at utils.Reporter.reportStep(Reporter.java:46)
	at wrappers.GenericWrappers.takeSnap(GenericWrappers.java:677)
	at utils.Reporter.reportStep(Reporter.java:23)
	at utils.Reporter.reportStep(Reporter.java:46)
	at wrappers.GenericWrappers.takeSnap(GenericWrappers.java:677)
	at utils.Reporter.reportStep(Reporter.java:23)
	at utils.Reporter.reportStep(Reporter.java:46)
	at wrappers.GenericWrappers.takeSnap(GenericWrappers.java:677)
	at utils.Reporter.reportStep(Reporter.java:23)
	at utils.Reporter.reportStep(Reporter.java:46)
	at wrappers.GenericWrappers.takeSnap(GenericWrappers.java:677)
	at utils.Reporter.reportStep(Reporter.java:23)
	at utils.Reporter.reportStep(Reporter.java:46)
	at wrappers.GenericWrappers.takeSnap(GenericWrappers.java:677)
	at utils.Reporter.reportStep(Reporter.java:23)
	at utils.Reporter.reportStep(Reporter.java:46)
	at wrappers.GenericWrappers.takeSnap(GenericWrappers.java:677)
	at utils.Reporter.reportStep(Reporter.java:23)
	at utils.Reporter.reportStep(Reporter.java:46)
	at wrappers.GenericWrappers.takeSnap(GenericWrappers.java:677)
	at utils.Reporter.reportStep(Reporter.java:23)
	at utils.Reporter.reportStep(Reporter.java:46)
	at wrappers.GenericWrappers.takeSnap(GenericWrappers.java:677)
	at utils.Reporter.reportStep(Reporter.java:23)
	at utils.Reporter.reportStep(Reporter.java:46)
	at wrappers.GenericWrappers.takeSnap(GenericWrappers.java:677)
	at utils.Reporter.reportStep(Reporter.java:23)
	at utils.Reporter.reportStep(Reporter.java:46)
	at wrappers.GenericWrappers.takeSnap(GenericWrappers.java:677)
	at utils.Reporter.reportStep(Reporter.java:23)
	at utils.Reporter.reportStep(Reporter.java:46)
	at wrappers.GenericWrappers.takeSnap(GenericWrappers.java:677)
	at utils.Reporter.reportStep(Reporter.java:23)
	at utils.Reporter.reportStep(Reporter.java:46)
	at wrappers.GenericWrappers.takeSnap(GenericWrappers.java:677)
	at utils.Reporter.reportStep(Reporter.java:23)
	at utils.Reporter.reportStep(Reporter.java:46)
	at wrappers.GenericWrappers.takeSnap(GenericWrappers.java:677)
	at utils.Reporter.reportStep(Reporter.java:23)
	at utils.Reporter.reportStep(Reporter.java:46)
	at wrappers.GenericWrappers.takeSnap(GenericWrappers.java:677)
	at utils.Reporter.reportStep(Reporter.java:23)
	at utils.Reporter.reportStep(Reporter.java:46)
	at wrappers.GenericWrappers.takeSnap(GenericWrappers.java:677)
	at utils.Reporter.reportStep(Reporter.java:23)
	at utils.Reporter.reportStep(Reporter.java:46)
	at wrappers.GenericWrappers.takeSnap(GenericWrappers.java:677)
	at utils.Reporter.reportStep(Reporter.java:23)
	at utils.Reporter.reportStep(Reporter.java:46)
	at wrappers.GenericWrappers.takeSnap(GenericWrappers.java:677)
	at utils.Reporter.reportStep(Reporter.java:23)
	at utils.Reporter.reportStep(Reporter.java:46)
	at wrappers.GenericWrappers.takeSnap(GenericWrappers.java:677)
	at utils.Reporter.reportStep(Reporter.java:23)
	at utils.Reporter.reportStep(Reporter.java:46)
	at wrappers.GenericWrappers.takeSnap(GenericWrappers.java:677)
	at utils.Reporter.reportStep(Reporter.java:23)
	at utils.Reporter.reportStep(Reporter.java:46)
	at wrappers.GenericWrappers.takeSnap(GenericWrappers.java:677)
	at utils.Reporter.reportStep(Reporter.java:23)
	at utils.Reporter.reportStep(Reporter.java:46)
	at wrappers.GenericWrappers.takeSnap(GenericWrappers.java:677)
	at utils.Reporter.reportStep(Reporter.java:23)
	at utils.Reporter.reportStep(Reporter.java:46)
	at wrappers.GenericWrappers.takeSnap(GenericWrappers.java:677)
	at utils.Reporter.reportStep(Reporter.java:23)
	at utils.Reporter.reportStep(Reporter.java:46)
	at wrappers.GenericWrappers.takeSnap(GenericWrappers.java:677)
	at utils.Reporter.reportStep(Reporter.java:23)
	at utils.Reporter.reportStep(Reporter.java:46)
	at wrappers.GenericWrappers.takeSnap(GenericWrappers.java:677)
	at utils.Reporter.reportStep(Reporter.java:23)
	at utils.Reporter.reportStep(Reporter.java:46)
	at wrappers.GenericWrappers.takeSnap(GenericWrappers.java:677)
	at utils.Reporter.reportStep(Reporter.java:23)
	at utils.Reporter.reportStep(Reporter.java:46)
	at wrappers.GenericWrappers.takeSnap(GenericWrappers.java:677)
	at utils.Reporter.reportStep(Reporter.java:23)
	at utils.Reporter.reportStep(Reporter.java:46)
	at wrappers.GenericWrappers.takeSnap(GenericWrappers.java:677)
	at utils.Reporter.reportStep(Reporter.java:23)
	at utils.Reporter.reportStep(Reporter.java:46)
	at wrappers.GenericWrappers.takeSnap(GenericWrappers.java:677)
	at utils.Reporter.reportStep(Reporter.java:23)
	at utils.Reporter.reportStep(Reporter.java:46)
	at wrappers.GenericWrappers.takeSnap(GenericWrappers.java:677)
	at utils.Reporter.reportStep(Reporter.java:23)
	at utils.Reporter.reportStep(Reporter.java:46)
	at wrappers.GenericWrappers.takeSnap(GenericWrappers.java:677)
	at utils.Reporter.reportStep(Reporter.java:23)
	at utils.Reporter.reportStep(Reporter.java:46)
	at wrappers.GenericWrappers.takeSnap(GenericWrappers.java:677)
	at utils.Reporter.reportStep(Reporter.java:23)
	at utils.Reporter.reportStep(Reporter.java:46)
	at wrappers.GenericWrappers.takeSnap(GenericWrappers.java:677)
	at utils.Reporter.reportStep(Reporter.java:23)
	at utils.Reporter.reportStep(Reporter.java:46)
	at wrappers.GenericWrappers.takeSnap(GenericWrappers.java:677)
	at utils.Reporter.reportStep(Reporter.java:23)
	at utils.Reporter.reportStep(Reporter.java:46)
	at wrappers.GenericWrappers.takeSnap(GenericWrappers.java:677)
	at utils.Reporter.reportStep(Reporter.java:23)
	at utils.Reporter.reportStep(Reporter.java:46)
	at wrappers.GenericWrappers.takeSnap(GenericWrappers.java:677)
	at utils.Reporter.reportStep(Reporter.java:23)
	at utils.Reporter.reportStep(Reporter.java:46)
	at wrappers.GenericWrappers.takeSnap(GenericWrappers.java:677)
	at utils.Reporter.reportStep(Reporter.java:23)
	at utils.Reporter.reportStep(Reporter.java:46)
	at wrappers.GenericWrappers.takeSnap(GenericWrappers.java:677)
	at utils.Reporter.reportStep(Reporter.java:23)
	at utils.Reporter.reportStep(Reporter.java:46)
	at wrappers.GenericWrappers.takeSnap(GenericWrappers.java:677)
	at utils.Reporter.reportStep(Reporter.java:23)
	at utils.Reporter.reportStep(Reporter.java:46)
	at wrappers.GenericWrappers.takeSnap(GenericWrappers.java:677)
	at utils.Reporter.reportStep(Reporter.java:23)
	at utils.Reporter.reportStep(Reporter.java:46)
	at wrappers.GenericWrappers.takeSnap(GenericWrappers.java:677)
	at utils.Reporter.reportStep(Reporter.java:23)
	at utils.Reporter.reportStep(Reporter.java:46)
	at wrappers.GenericWrappers.takeSnap(GenericWrappers.java:677)
	at utils.Reporter.reportStep(Reporter.java:23)
	at utils.Reporter.reportStep(Reporter.java:46)
	at wrappers.GenericWrappers.takeSnap(GenericWrappers.java:677)
	at utils.Reporter.reportStep(Reporter.java:23)
	at utils.Reporter.reportStep(Reporter.java:46)
	at wrappers.GenericWrappers.takeSnap(GenericWrappers.java:677)
	at utils.Reporter.reportStep(Reporter.java:23)
	at utils.Reporter.reportStep(Reporter.java:46)
	at wrappers.GenericWrappers.takeSnap(GenericWrappers.java:677)
	at utils.Reporter.reportStep(Reporter.java:23)
	at utils.Reporter.reportStep(Reporter.java:46)
	at wrappers.GenericWrappers.takeSnap(GenericWrappers.java:677)
	at utils.Reporter.reportStep(Reporter.java:23)
	at utils.Reporter.reportStep(Reporter.java:46)
	at wrappers.GenericWrappers.takeSnap(GenericWrappers.java:677)
	at utils.Reporter.reportStep(Reporter.java:23)
	at utils.Reporter.reportStep(Reporter.java:46)
	at wrappers.GenericWrappers.takeSnap(GenericWrappers.java:677)
	at utils.Reporter.reportStep(Reporter.java:23)
	at utils.Reporter.reportStep(Reporter.java:46)
	at wrappers.GenericWrappers.takeSnap(GenericWrappers.java:677)
	at utils.Reporter.reportStep(Reporter.java:23)
	at utils.Reporter.reportStep(Reporter.java:46)
	at wrappers.GenericWrappers.takeSnap(GenericWrappers.java:677)
	at utils.Reporter.reportStep(Reporter.java:23)
	at utils.Reporter.reportStep(Reporter.java:46)
	at wrappers.GenericWrappers.takeSnap(GenericWrappers.java:677)
	at utils.Reporter.reportStep(Reporter.java:23)
	at utils.Reporter.reportStep(Reporter.java:46)
	at wrappers.GenericWrappers.takeSnap(GenericWrappers.java:677)
	at utils.Reporter.reportStep(Reporter.java:23)
	at utils.Reporter.reportStep(Reporter.java:46)
	at wrappers.GenericWrappers.takeSnap(GenericWrappers.java:677)
	at utils.Reporter.reportStep(Reporter.java:23)
	at utils.Reporter.reportStep(Reporter.java:46)
	at wrappers.GenericWrappers.takeSnap(GenericWrappers.java:677)
	at utils.Reporter.reportStep(Reporter.java:23)
	at utils.Reporter.reportStep(Reporter.java:46)
	at wrappers.GenericWrappers.takeSnap(GenericWrappers.java:677)
	at utils.Reporter.reportStep(Reporter.java:23)
	at utils.Reporter.reportStep(Reporter.java:46)
	at wrappers.GenericWrappers.takeSnap(GenericWrappers.java:677)
	at utils.Reporter.reportStep(Reporter.java:23)
	at utils.Reporter.reportStep(Reporter.java:46)
	at wrappers.GenericWrappers.takeSnap(GenericWrappers.java:677)
	at utils.Reporter.reportStep(Reporter.java:23)
	at utils.Reporter.reportStep(Reporter.java:46)
	at wrappers.GenericWrappers.takeSnap(GenericWrappers.java:677)
	at utils.Reporter.reportStep(Reporter.java:23)
	at utils.Reporter.reportStep(Reporter.java:46)
	at wrappers.GenericWrappers.takeSnap(GenericWrappers.java:677)
	at utils.Reporter.reportStep(Reporter.java:23)
	at utils.Reporter.reportStep(Reporter.java:46)
	at wrappers.GenericWrappers.takeSnap(GenericWrappers.java:677)
	at utils.Reporter.reportStep(Reporter.java:23)
	at utils.Reporter.reportStep(Reporter.java:46)
	at wrappers.GenericWrappers.takeSnap(GenericWrappers.java:677)
	at utils.Reporter.reportStep(Reporter.java:23)
	at utils.Reporter.reportStep(Reporter.java:46)
	at wrappers.GenericWrappers.takeSnap(GenericWrappers.java:677)
	at utils.Reporter.reportStep(Reporter.java:23)
	at utils.Reporter.reportStep(Reporter.java:46)
	at wrappers.GenericWrappers.takeSnap(GenericWrappers.java:677)
	at utils.Reporter.reportStep(Reporter.java:23)
	at utils.Reporter.reportStep(Reporter.java:46)
	at wrappers.GenericWrappers.takeSnap(GenericWrappers.java:677)
	at utils.Reporter.reportStep(Reporter.java:23)
	at utils.Reporter.reportStep(Reporter.java:46)
	at wrappers.GenericWrappers.takeSnap(GenericWrappers.java:677)
	at utils.Reporter.reportStep(Reporter.java:23)
	at utils.Reporter.reportStep(Reporter.java:46)
	at wrappers.GenericWrappers.takeSnap(GenericWrappers.java:677)
	at utils.Reporter.reportStep(Reporter.java:23)
	at utils.Reporter.reportStep(Reporter.java:46)
	at wrappers.GenericWrappers.takeSnap(GenericWrappers.java:677)
	at utils.Reporter.reportStep(Reporter.java:23)
	at utils.Reporter.reportStep(Reporter.java:46)
	at wrappers.GenericWrappers.takeSnap(GenericWrappers.java:677)
	at utils.Reporter.reportStep(Reporter.java:23)
	at utils.Reporter.reportStep(Reporter.java:46)
	at wrappers.GenericWrappers.takeSnap(GenericWrappers.java:677)
	at utils.Reporter.reportStep(Reporter.java:23)
	at utils.Reporter.reportStep(Reporter.java:46)
	at wrappers.GenericWrappers.takeSnap(GenericWrappers.java:677)
	at utils.Reporter.reportStep(Reporter.java:23)
	at utils.Reporter.reportStep(Reporter.java:46)
	at wrappers.GenericWrappers.takeSnap(GenericWrappers.java:677)
	at utils.Reporter.reportStep(Reporter.java:23)
	at utils.Reporter.reportStep(Reporter.java:46)
	at wrappers.GenericWrappers.takeSnap(GenericWrappers.java:677)
	at utils.Reporter.reportStep(Reporter.java:23)
	at utils.Reporter.reportStep(Reporter.java:46)
	at wrappers.GenericWrappers.takeSnap(GenericWrappers.java:677)
	at utils.Reporter.reportStep(Reporter.java:23)
	at utils.Reporter.reportStep(Reporter.java:46)
	at wrappers.GenericWrappers.takeSnap(GenericWrappers.java:677)
	at utils.Reporter.reportStep(Reporter.java:23)
	at utils.Reporter.reportStep(Reporter.java:46)
	at wrappers.GenericWrappers.takeSnap(GenericWrappers.java:677)
	at utils.Reporter.reportStep(Reporter.java:23)
	at utils.Reporter.reportStep(Reporter.java:46)
	at wrappers.GenericWrappers.takeSnap(GenericWrappers.java:677)
	at utils.Reporter.reportStep(Reporter.java:23)
	at utils.Reporter.reportStep(Reporter.java:46)
	at wrappers.GenericWrappers.takeSnap(GenericWrappers.java:677)
	at utils.Reporter.reportStep(Reporter.java:23)
	at utils.Reporter.reportStep(Reporter.java:46)
	at wrappers.GenericWrappers.takeSnap(GenericWrappers.java:677)
	at utils.Reporter.reportStep(Reporter.java:23)
	at utils.Reporter.reportStep(Reporter.java:46)
	at wrappers.GenericWrappers.takeSnap(GenericWrappers.java:677)
	at utils.Reporter.reportStep(Reporter.java:23)
	at utils.Reporter.reportStep(Reporter.java:46)
	at wrappers.GenericWrappers.takeSnap(GenericWrappers.java:677)
	at utils.Reporter.reportStep(Reporter.java:23)
	at utils.Reporter.reportStep(Reporter.java:46)
	at wrappers.GenericWrappers.takeSnap(GenericWrappers.java:677)
	at utils.Reporter.reportStep(Reporter.java:23)
	at utils.Reporter.reportStep(Reporter.java:46)
	at wrappers.GenericWrappers.takeSnap(GenericWrappers.java:677)
	at utils.Reporter.reportStep(Reporter.java:23)
	at utils.Reporter.reportStep(Reporter.java:46)
	at wrappers.GenericWrappers.takeSnap(GenericWrappers.java:677)
	at utils.Reporter.reportStep(Reporter.java:23)
	at utils.Reporter.reportStep(Reporter.java:46)
	at wrappers.GenericWrappers.takeSnap(GenericWrappers.java:677)
	at utils.Reporter.reportStep(Reporter.java:23)
	at utils.Reporter.reportStep(Reporter.java:46)
	at wrappers.GenericWrappers.takeSnap(GenericWrappers.java:677)
	at utils.Reporter.reportStep(Reporter.java:23)
	at utils.Reporter.reportStep(Reporter.java:46)
	at wrappers.GenericWrappers.takeSnap(GenericWrappers.java:677)
	at utils.Reporter.reportStep(Reporter.java:23)
	at utils.Reporter.reportStep(Reporter.java:46)
	at wrappers.GenericWrappers.takeSnap(GenericWrappers.java:677)
	at utils.Reporter.reportStep(Reporter.java:23)
	at utils.Reporter.reportStep(Reporter.java:46)
	at wrappers.GenericWrappers.takeSnap(GenericWrappers.java:677)
	at utils.Reporter.reportStep(Reporter.java:23)
	at utils.Reporter.reportStep(Reporter.java:46)
	at wrappers.GenericWrappers.takeSnap(GenericWrappers.java:677)
	at utils.Reporter.reportStep(Reporter.java:23)
	at utils.Reporter.reportStep(Reporter.java:46)
	at wrappers.GenericWrappers.takeSnap(GenericWrappers.java:677)
	at utils.Reporter.reportStep(Reporter.java:23)
	at utils.Reporter.reportStep(Reporter.java:46)
	at wrappers.GenericWrappers.takeSnap(GenericWrappers.java:677)
	at utils.Reporter.reportStep(Reporter.java:23)
	at utils.Reporter.reportStep(Reporter.java:46)
	at wrappers.GenericWrappers.takeSnap(GenericWrappers.java:677)
	at utils.Reporter.reportStep(Reporter.java:23)
	at utils.Reporter.reportStep(Reporter.java:46)
	at wrappers.GenericWrappers.takeSnap(GenericWrappers.java:677)
	at utils.Reporter.reportStep(Reporter.java:23)
	at utils.Reporter.reportStep(Reporter.java:46)
	at wrappers.GenericWrappers.takeSnap(GenericWrappers.java:677)
	at utils.Reporter.reportStep(Reporter.java:23)
	at utils.Reporter.reportStep(Reporter.java:46)
	at wrappers.GenericWrappers.takeSnap(GenericWrappers.java:677)
	at utils.Reporter.reportStep(Reporter.java:23)
	at utils.Reporter.reportStep(Reporter.java:46)
	at wrappers.GenericWrappers.takeSnap(GenericWrappers.java:677)
	at utils.Reporter.reportStep(Reporter.java:23)
	at utils.Reporter.reportStep(Reporter.java:46)
	at wrappers.GenericWrappers.takeSnap(GenericWrappers.java:677)
	at utils.Reporter.reportStep(Reporter.java:23)
	at utils.Reporter.reportStep(Reporter.java:46)
	at wrappers.GenericWrappers.takeSnap(GenericWrappers.java:677)
	at utils.Reporter.reportStep(Reporter.java:23)
	at utils.Reporter.reportStep(Reporter.java:46)
	at wrappers.GenericWrappers.takeSnap(GenericWrappers.java:677)
	at utils.Reporter.reportStep(Reporter.java:23)
	at utils.Reporter.reportStep(Reporter.java:46)
	at wrappers.GenericWrappers.takeSnap(GenericWrappers.java:677)
	at utils.Reporter.reportStep(Reporter.java:23)
	at utils.Reporter.reportStep(Reporter.java:46)
	at wrappers.GenericWrappers.takeSnap(GenericWrappers.java:677)
	at utils.Reporter.reportStep(Reporter.java:23)
	at utils.Reporter.reportStep(Reporter.java:46)
	at wrappers.GenericWrappers.takeSnap(GenericWrappers.java:677)
	at utils.Reporter.reportStep(Reporter.java:23)
	at utils.Reporter.reportStep(Reporter.java:46)
	at wrappers.GenericWrappers.takeSnap(GenericWrappers.java:677)
	at utils.Reporter.reportStep(Reporter.java:23)
	at utils.Reporter.reportStep(Reporter.java:46)
	at wrappers.GenericWrappers.takeSnap(GenericWrappers.java:677)
	at utils.Reporter.reportStep(Reporter.java:23)
	at utils.Reporter.reportStep(Reporter.java:46)
	at wrappers.GenericWrappers.takeSnap(GenericWrappers.java:677)
	at utils.Reporter.reportStep(Reporter.java:23)
	at utils.Reporter.reportStep(Reporter.java:46)
	at wrappers.GenericWrappers.takeSnap(GenericWrappers.java:677)
	at utils.Reporter.reportStep(Reporter.java:23)
	at utils.Reporter.reportStep(Reporter.java:46)
	at wrappers.GenericWrappers.takeSnap(GenericWrappers.java:677)
	at utils.Reporter.reportStep(Reporter.java:23)
	at utils.Reporter.reportStep(Reporter.java:46)
	at wrappers.GenericWrappers.takeSnap(GenericWrappers.java:677)
	at utils.Reporter.reportStep(Reporter.java:23)
	at utils.Reporter.reportStep(Reporter.java:46)
	at wrappers.GenericWrappers.takeSnap(GenericWrappers.java:677)
	at utils.Reporter.reportStep(Reporter.java:23)
	at utils.Reporter.reportStep(Reporter.java:46)
	at wrappers.GenericWrappers.takeSnap(GenericWrappers.java:677)
	at utils.Reporter.reportStep(Reporter.java:23)
	at utils.Reporter.reportStep(Reporter.java:46)
	at wrappers.GenericWrappers.takeSnap(GenericWrappers.java:677)
	at utils.Reporter.reportStep(Reporter.java:23)
	at utils.Reporter.reportStep(Reporter.java:46)
	at wrappers.GenericWrappers.takeSnap(GenericWrappers.java:677)
	at utils.Reporter.reportStep(Reporter.java:23)
	at utils.Reporter.reportStep(Reporter.java:46)
	at wrappers.GenericWrappers.takeSnap(GenericWrappers.java:677)
	at utils.Reporter.reportStep(Reporter.java:23)
	at utils.Reporter.reportStep(Reporter.java:46)
	at wrappers.GenericWrappers.takeSnap(GenericWrappers.java:677)
	at utils.Reporter.reportStep(Reporter.java:23)
	at utils.Reporter.reportStep(Reporter.java:46)
	at wrappers.GenericWrappers.takeSnap(GenericWrappers.java:677)
	at utils.Reporter.reportStep(Reporter.java:23)
	at utils.Reporter.reportStep(Reporter.java:46)
	at wrappers.GenericWrappers.takeSnap(GenericWrappers.java:677)
	at utils.Reporter.reportStep(Reporter.java:23)
	at utils.Reporter.reportStep(Reporter.java:46)
	at wrappers.GenericWrappers.takeSnap(GenericWrappers.java:677)
	at utils.Reporter.reportStep(Reporter.java:23)
	at utils.Reporter.reportStep(Reporter.java:46)
	at wrappers.GenericWrappers.takeSnap(GenericWrappers.java:677)
	at utils.Reporter.reportStep(Reporter.java:23)
	at utils.Reporter.reportStep(Reporter.java:46)
	at wrappers.GenericWrappers.takeSnap(GenericWrappers.java:677)
	at utils.Reporter.reportStep(Reporter.java:23)
	at utils.Reporter.reportStep(Reporter.java:46)
	at wrappers.GenericWrappers.takeSnap(GenericWrappers.java:677)
	at utils.Reporter.reportStep(Reporter.java:23)
	at utils.Reporter.reportStep(Reporter.java:46)
	at wrappers.GenericWrappers.takeSnap(GenericWrappers.java:677)
	at utils.Reporter.reportStep(Reporter.java:23)
	at utils.Reporter.reportStep(Reporter.java:46)
	at wrappers.GenericWrappers.takeSnap(GenericWrappers.java:677)
	at utils.Reporter.reportStep(Reporter.java:23)
	at utils.Reporter.reportStep(Reporter.java:46)
	at wrappers.GenericWrappers.takeSnap(GenericWrappers.java:677)
	at utils.Reporter.reportStep(Reporter.java:23)
	at utils.Reporter.reportStep(Reporter.java:46)
	at wrappers.GenericWrappers.takeSnap(GenericWrappers.java:677)
	at utils.Reporter.reportStep(Reporter.java:23)
	at utils.Reporter.reportStep(Reporter.java:46)
	at wrappers.GenericWrappers.takeSnap(GenericWrappers.java:677)
	at utils.Reporter.reportStep(Reporter.java:23)
	at utils.Reporter.reportStep(Reporter.java:46)
	at wrappers.GenericWrappers.takeSnap(GenericWrappers.java:677)
	at utils.Reporter.reportStep(Reporter.java:23)
	at utils.Reporter.reportStep(Reporter.java:46)
	at wrappers.GenericWrappers.takeSnap(GenericWrappers.java:677)
	at utils.Reporter.reportStep(Reporter.java:23)
	at utils.Reporter.reportStep(Reporter.java:46)
	at wrappers.GenericWrappers.takeSnap(GenericWrappers.java:677)
	at utils.Reporter.reportStep(Reporter.java:23)
	at utils.Reporter.reportStep(Reporter.java:46)
	at wrappers.GenericWrappers.takeSnap(GenericWrappers.java:677)
	at utils.Reporter.reportStep(Reporter.java:23)
	at utils.Reporter.reportStep(Reporter.java:46)
	at wrappers.GenericWrappers.takeSnap(GenericWrappers.java:677)
	at utils.Reporter.reportStep(Reporter.java:23)
	at utils.Reporter.reportStep(Reporter.java:46)
	at wrappers.GenericWrappers.takeSnap(GenericWrappers.java:677)
	at utils.Reporter.reportStep(Reporter.java:23)
	at utils.Reporter.reportStep(Reporter.java:46)
	at wrappers.GenericWrappers.takeSnap(GenericWrappers.java:677)
	at utils.Reporter.reportStep(Reporter.java:23)
	at utils.Reporter.reportStep(Reporter.java:46)
	at wrappers.GenericWrappers.takeSnap(GenericWrappers.java:677)
	at utils.Reporter.reportStep(Reporter.java:23)
	at utils.Reporter.reportStep(Reporter.java:46)
	at wrappers.GenericWrappers.takeSnap(GenericWrappers.java:677)
	at utils.Reporter.reportStep(Reporter.java:23)
	at utils.Reporter.reportStep(Reporter.java:46)
	at wrappers.GenericWrappers.takeSnap(GenericWrappers.java:677)
	at utils.Reporter.reportStep(Reporter.java:23)
	at utils.Reporter.reportStep(Reporter.java:46)
	at wrappers.GenericWrappers.takeSnap(GenericWrappers.java:677)
	at utils.Reporter.reportStep(Reporter.java:23)
	at utils.Reporter.reportStep(Reporter.java:46)
	at wrappers.GenericWrappers.takeSnap(GenericWrappers.java:677)
	at utils.Reporter.reportStep(Reporter.java:23)
	at utils.Reporter.reportStep(Reporter.java:46)
	at wrappers.GenericWrappers.takeSnap(GenericWrappers.java:677)
	at utils.Reporter.reportStep(Reporter.java:23)
	at utils.Reporter.reportStep(Reporter.java:46)
	at wrappers.GenericWrappers.takeSnap(GenericWrappers.java:677)
	at utils.Reporter.reportStep(Reporter.java:23)
	at utils.Reporter.reportStep(Reporter.java:46)
	at wrappers.GenericWrappers.takeSnap(GenericWrappers.java:677)
	at utils.Reporter.reportStep(Reporter.java:23)
	at utils.Reporter.reportStep(Reporter.java:46)
	at wrappers.GenericWrappers.takeSnap(GenericWrappers.java:677)
	at utils.Reporter.reportStep(Reporter.java:23)
	at utils.Reporter.reportStep(Reporter.java:46)
	at wrappers.GenericWrappers.takeSnap(GenericWrappers.java:677)
	at utils.Reporter.reportStep(Reporter.java:23)
	at utils.Reporter.reportStep(Reporter.java:46)
	at wrappers.GenericWrappers.takeSnap(GenericWrappers.java:677)
	at utils.Reporter.reportStep(Reporter.java:23)
	at utils.Reporter.reportStep(Reporter.java:46)
	at wrappers.GenericWrappers.takeSnap(GenericWrappers.java:677)
	at utils.Reporter.reportStep(Reporter.java:23)
	at utils.Reporter.reportStep(Reporter.java:46)
	at wrappers.GenericWrappers.takeSnap(GenericWrappers.java:677)
	at utils.Reporter.reportStep(Reporter.java:23)
	at utils.Reporter.reportStep(Reporter.java:46)
	at wrappers.GenericWrappers.takeSnap(GenericWrappers.java:677)
	at utils.Reporter.reportStep(Reporter.java:23)
	at utils.Reporter.reportStep(Reporter.java:46)
	at wrappers.GenericWrappers.takeSnap(GenericWrappers.java:677)
	at utils.Reporter.reportStep(Reporter.java:23)
	at utils.Reporter.reportStep(Reporter.java:46)
	at wrappers.GenericWrappers.takeSnap(GenericWrappers.java:677)
	at utils.Reporter.reportStep(Reporter.java:23)
	at utils.Reporter.reportStep(Reporter.java:46)
	at wrappers.GenericWrappers.takeSnap(GenericWrappers.java:677)
	at utils.Reporter.reportStep(Reporter.java:23)
	at utils.Reporter.reportStep(Reporter.java:46)
	at wrappers.GenericWrappers.takeSnap(GenericWrappers.java:677)
	at utils.Reporter.reportStep(Reporter.java:23)
	at utils.Reporter.reportStep(Reporter.java:46)
	at wrappers.GenericWrappers.takeSnap(GenericWrappers.java:677)
	at utils.Reporter.reportStep(Reporter.java:23)
	at utils.Reporter.reportStep(Reporter.java:46)
	at wrappers.GenericWrappers.takeSnap(GenericWrappers.java:677)
	at utils.Reporter.reportStep(Reporter.java:23)
	at utils.Reporter.reportStep(Reporter.java:46)
	at wrappers.GenericWrappers.takeSnap(GenericWrappers.java:677)
	at utils.Reporter.reportStep(Reporter.java:23)
	at utils.Reporter.reportStep(Reporter.java:46)
	at wrappers.GenericWrappers.takeSnap(GenericWrappers.java:677)
	at utils.Reporter.reportStep(Reporter.java:23)
	at utils.Reporter.reportStep(Reporter.java:46)
	at wrappers.GenericWrappers.takeSnap(GenericWrappers.java:677)
	at utils.Reporter.reportStep(Reporter.java:23)
	at utils.Reporter.reportStep(Reporter.java:46)
	at wrappers.GenericWrappers.takeSnap(GenericWrappers.java:677)
	at utils.Reporter.reportStep(Reporter.java:23)
	at utils.Reporter.reportStep(Reporter.java:46)
	at wrappers.GenericWrappers.takeSnap(GenericWrappers.java:677)
	at utils.Reporter.reportStep(Reporter.java:23)
	at utils.Reporter.reportStep(Reporter.java:46)
	at wrappers.GenericWrappers.takeSnap(GenericWrappers.java:677)
	at utils.Reporter.reportStep(Reporter.java:23)
	at utils.Reporter.reportStep(Reporter.java:46)
	at wrappers.GenericWrappers.takeSnap(GenericWrappers.java:677)
	at utils.Reporter.reportStep(Reporter.java:23)
	at utils.Reporter.reportStep(Reporter.java:46)
	at wrappers.GenericWrappers.takeSnap(GenericWrappers.java:677)
	at utils.Reporter.reportStep(Reporter.java:23)
	at utils.Reporter.reportStep(Reporter.java:46)
	at wrappers.GenericWrappers.takeSnap(GenericWrappers.java:677)
	at utils.Reporter.reportStep(Reporter.java:23)
	at utils.Reporter.reportStep(Reporter.java:46)
	at wrappers.GenericWrappers.takeSnap(GenericWrappers.java:677)
	at utils.Reporter.reportStep(Reporter.java:23)
	at utils.Reporter.reportStep(Reporter.java:46)
	at wrappers.GenericWrappers.takeSnap(GenericWrappers.java:677)
	at utils.Reporter.reportStep(Reporter.java:23)
	at utils.Reporter.reportStep(Reporter.java:46)
	at wrappers.GenericWrappers.takeSnap(GenericWrappers.java:677)
	at utils.Reporter.reportStep(Reporter.java:23)
	at utils.Reporter.reportStep(Reporter.java:46)
	at wrappers.GenericWrappers.takeSnap(GenericWrappers.java:677)
	at utils.Reporter.reportStep(Reporter.java:23)
	at utils.Reporter.reportStep(Reporter.java:46)
]]>
    </failure>
  </testcase> <!-- @AfterMethod afterMethod -->
  <testcase classname="testcases.TC005_Dashboard" name="@BeforeMethod beforeMethod" time="0.0">
    <skipped/>
  </testcase> <!-- @BeforeMethod beforeMethod -->
  <testcase classname="testcases.TC005_Dashboard" name="@AfterMethod afterMethod" time="0.0">
    <skipped/>
  </testcase> <!-- @AfterMethod afterMethod -->
  <testcase classname="testcases.TC004_MyVehicles" name="@AfterTest afterTest" time="0.0">
    <skipped/>
  </testcase> <!-- @AfterTest afterTest -->
  <testcase classname="testcases.TC001_CreateAccount" name="CA_5440906" time="1.518"/>
  <testcase classname="testcases.TC001_CreateAccount" name="CA_5440910" time="7.583"/>
  <testcase classname="testcases.TC001_CreateAccount" name="CA_5440912" time="5.392"/>
  <testcase classname="testcases.TC002_Login" name="Login_5440907" time="1.416"/>
  <testcase classname="testcases.TC002_Login" name="Login_5440908" time="5.027"/>
  <testcase classname="testcases.TC002_Login" name="Login_5440913" time="2.523"/>
  <testcase classname="testcases.TC002_Login" name="Login_5440914" time="12.553"/>
  <testcase classname="testcases.TC002_Login" name="Login_5440916" time="31.571">
    <failure type="org.openqa.selenium.NoSuchElementException" message="no such element: Unable to locate element: {&amp;quot;method&amp;quot;:&amp;quot;css selector&amp;quot;,&amp;quot;selector&amp;quot;:&amp;quot;#\/\/\*\[\@class\=\&amp;apos;button\ full\ main\ has\-spinner\ sign\-in\&amp;apos;\]&amp;quot;}
  (Session info: chrome=111.0.5563.65)
For documentation on this error, please visit: http://seleniumhq.org/exceptions/no_such_element.html
Build info: version: &amp;apos;3.6.0&amp;apos;, revision: &amp;apos;6fbf3ec767&amp;apos;, time: &amp;apos;2017-09-27T15:28:36.4Z&amp;apos;
System info: host: &amp;apos;H0114864H96635&amp;apos;, ip: &amp;apos;10.120.7.41&amp;apos;, os.name: &amp;apos;Windows 10&amp;apos;, os.arch: &amp;apos;amd64&amp;apos;, os.version: &amp;apos;10.0&amp;apos;, java.version: &amp;apos;17.0.5&amp;apos;
Driver info: org.openqa.selenium.chrome.ChromeDriver
Capabilities [{networkConnectionEnabled=false, chrome={chromedriverVersion=111.0.5563.64 (c710e93d5b63b7095afe8c2c17df34408078439d-refs/branch-heads/5563@{#995}), userDataDir=C:\Users\HIS96635\AppData\Local\Temp\scoped_dir19808_1001988087}, timeouts={implicit=0, pageLoad=300000, script=30000}, pageLoadStrategy=normal, unhandledPromptBehavior=dismiss and notify, strictFileInteractability=false, platform=WINDOWS, proxy=Proxy(), webauthn:extension:minPinLength=true, goog:chromeOptions={debuggerAddress=localhost:61700}, webauthn:extension:credBlob=true, webauthn:extension:prf=true, acceptInsecureCerts=false, browserVersion=111.0.5563.65, browserName=chrome, javascriptEnabled=true, platformName=WINDOWS, setWindowRect=true, webauthn:extension:largeBlob=true, webauthn:virtualAuthenticators=true}]
Session ID: 819544534614cfa60a7e2712a7defe8e
*** Element info: {Using=id, value=//*[@class=&amp;apos;button full main has-spinner sign-in&amp;apos;]}">
      <![CDATA[org.openqa.selenium.NoSuchElementException: no such element: Unable to locate element: {"method":"css selector","selector":"#\/\/\*\[\@class\=\'button\ full\ main\ has\-spinner\ sign\-in\'\]"}
  (Session info: chrome=111.0.5563.65)
For documentation on this error, please visit: http://seleniumhq.org/exceptions/no_such_element.html
Build info: version: '3.6.0', revision: '6fbf3ec767', time: '2017-09-27T15:28:36.4Z'
System info: host: 'H0114864H96635', ip: '10.120.7.41', os.name: 'Windows 10', os.arch: 'amd64', os.version: '10.0', java.version: '17.0.5'
Driver info: org.openqa.selenium.chrome.ChromeDriver
Capabilities [{networkConnectionEnabled=false, chrome={chromedriverVersion=111.0.5563.64 (c710e93d5b63b7095afe8c2c17df34408078439d-refs/branch-heads/5563@{#995}), userDataDir=C:\Users\HIS96635\AppData\Local\Temp\scoped_dir19808_1001988087}, timeouts={implicit=0, pageLoad=300000, script=30000}, pageLoadStrategy=normal, unhandledPromptBehavior=dismiss and notify, strictFileInteractability=false, platform=WINDOWS, proxy=Proxy(), webauthn:extension:minPinLength=true, goog:chromeOptions={debuggerAddress=localhost:61700}, webauthn:extension:credBlob=true, webauthn:extension:prf=true, acceptInsecureCerts=false, browserVersion=111.0.5563.65, browserName=chrome, javascriptEnabled=true, platformName=WINDOWS, setWindowRect=true, webauthn:extension:largeBlob=true, webauthn:virtualAuthenticators=true}]
Session ID: 819544534614cfa60a7e2712a7defe8e
*** Element info: {Using=id, value=//*[@class='button full main has-spinner sign-in']}
	at org.openqa.selenium.remote.http.W3CHttpResponseCodec.createException(W3CHttpResponseCodec.java:185)
	at org.openqa.selenium.remote.http.W3CHttpResponseCodec.decode(W3CHttpResponseCodec.java:120)
	at org.openqa.selenium.remote.http.W3CHttpResponseCodec.decode(W3CHttpResponseCodec.java:49)
	at org.openqa.selenium.remote.HttpCommandExecutor.execute(HttpCommandExecutor.java:164)
	at org.openqa.selenium.remote.service.DriverCommandExecutor.execute(DriverCommandExecutor.java:83)
	at org.openqa.selenium.remote.RemoteWebDriver.execute(RemoteWebDriver.java:586)
	at org.openqa.selenium.remote.RemoteWebDriver.findElement(RemoteWebDriver.java:356)
	at org.openqa.selenium.remote.RemoteWebDriver.findElementById(RemoteWebDriver.java:402)
	at org.openqa.selenium.By$ById.findElement(By.java:218)
	at org.openqa.selenium.remote.RemoteWebDriver.findElement(RemoteWebDriver.java:348)
	at pages.P2_Login.verifySignInEnable(P2_Login.java:48)
	at testcases.TC002_Login.Login_5440916(TC002_Login.java:61)
... Removed 29 stack frames]]>
    </failure>
  </testcase> <!-- Login_5440916 -->
  <testcase classname="testcases.TC002_Login" name="Login_Logout" time="9.692"/>
  <testcase classname="testcases.TC002_Login" name="ForgotPassword_5440917" time="2.738"/>
  <testcase classname="testcases.TC004_MyVehicles" name="MyVehicles_initial" time="36.637">
    <failure type="java.lang.RuntimeException" message="FAILED">
      <![CDATA[java.lang.RuntimeException: FAILED
	at utils.Reporter.reportStep(Reporter.java:36)
	at utils.Reporter.reportStep(Reporter.java:46)
	at wrappers.GenericWrappers.waitUntilElementVisisble(GenericWrappers.java:153)
	at pages.P5_Dashboard.<init>(P5_Dashboard.java:15)
	at pages.P4_MyVehicles.pickTheCar(P4_MyVehicles.java:27)
	at testcases.TC004_MyVehicles.MyVehicles_initial(TC004_MyVehicles.java:19)
... Removed 24 stack frames]]>
    </failure>
  </testcase> <!-- MyVehicles_initial -->
  <testcase classname="testcases.TC004_MyVehicles" name="MyVehicles_5441109" time="5.822"/>
  <testcase classname="testcases.TC005_Dashboard" name="Dashboard_5440933" time="32.842">
    <failure type="java.lang.RuntimeException" message="FAILED">
      <![CDATA[java.lang.RuntimeException: FAILED
	at utils.Reporter.reportStep(Reporter.java:36)
	at utils.Reporter.reportStep(Reporter.java:46)
	at wrappers.GenericWrappers.clickByXpath(GenericWrappers.java:406)
	at pages.P2_Login.clkSignIn(P2_Login.java:42)
	at testcases.TC005_Dashboard.Dashboard_5440933(TC005_Dashboard.java:32)
... Removed 24 stack frames]]>
    </failure>
  </testcase> <!-- Dashboard_5440933 -->
  <testcase classname="testcases.TC005_Dashboard" name="Dashboard_5440934" time="37.505">
    <failure type="java.lang.StackOverflowError">
      <![CDATA[java.lang.StackOverflowError
	at java.base/java.util.stream.FindOps$FindOp.evaluateSequential(FindOps.java:150)
	at java.base/java.util.stream.AbstractPipeline.evaluate(AbstractPipeline.java:234)
	at java.base/java.util.stream.ReferencePipeline.findFirst(ReferencePipeline.java:647)
	at java.logging/java.util.logging.LogRecord$CallerFinder.lambda$get$1(LogRecord.java:784)
	at java.base/java.lang.StackStreamFactory$StackFrameTraverser.consumeFrames(StackStreamFactory.java:534)
	at java.base/java.lang.StackStreamFactory$AbstractStackWalker.doStackWalk(StackStreamFactory.java:306)
	at java.base/java.lang.StackStreamFactory$AbstractStackWalker.callStackWalk(Native Method)
	at java.base/java.lang.StackStreamFactory$AbstractStackWalker.beginStackWalk(StackStreamFactory.java:370)
	at java.base/java.lang.StackStreamFactory$AbstractStackWalker.walk(StackStreamFactory.java:243)
	at java.base/java.lang.StackWalker.walk(StackWalker.java:499)
	at java.logging/java.util.logging.LogRecord$CallerFinder.get(LogRecord.java:784)
	at java.logging/java.util.logging.LogRecord.inferCaller(LogRecord.java:757)
	at java.logging/java.util.logging.LogRecord.getSourceClassName(LogRecord.java:351)
	at java.logging/java.util.logging.SimpleFormatter.format(SimpleFormatter.java:163)
	at java.logging/java.util.logging.StreamHandler.publish(StreamHandler.java:199)
	at java.logging/java.util.logging.ConsoleHandler.publish(ConsoleHandler.java:95)
	at java.logging/java.util.logging.Logger.log(Logger.java:980)
	at java.logging/java.util.logging.Logger.doLog(Logger.java:1007)
	at java.logging/java.util.logging.Logger.log(Logger.java:1030)
	at java.logging/java.util.logging.Logger.info(Logger.java:1803)
	at org.openqa.selenium.remote.ErrorCodes.toStatus(ErrorCodes.java:143)
	at org.openqa.selenium.remote.http.W3CHttpResponseCodec.decode(W3CHttpResponseCodec.java:105)
	at org.openqa.selenium.remote.http.W3CHttpResponseCodec.decode(W3CHttpResponseCodec.java:49)
	at org.openqa.selenium.remote.HttpCommandExecutor.execute(HttpCommandExecutor.java:164)
	at org.openqa.selenium.remote.service.DriverCommandExecutor.execute(DriverCommandExecutor.java:83)
	at org.openqa.selenium.remote.RemoteWebDriver.execute(RemoteWebDriver.java:586)
	at org.openqa.selenium.remote.RemoteWebDriver.execute(RemoteWebDriver.java:643)
	at org.openqa.selenium.remote.RemoteWebDriver.getScreenshotAs(RemoteWebDriver.java:328)
	at wrappers.GenericWrappers.takeSnap(GenericWrappers.java:675)
	at utils.Reporter.reportStep(Reporter.java:23)
	at utils.Reporter.reportStep(Reporter.java:46)
	at wrappers.GenericWrappers.takeSnap(GenericWrappers.java:677)
	at utils.Reporter.reportStep(Reporter.java:23)
	at utils.Reporter.reportStep(Reporter.java:46)
	at wrappers.GenericWrappers.takeSnap(GenericWrappers.java:677)
	at utils.Reporter.reportStep(Reporter.java:23)
	at utils.Reporter.reportStep(Reporter.java:46)
	at wrappers.GenericWrappers.takeSnap(GenericWrappers.java:677)
	at utils.Reporter.reportStep(Reporter.java:23)
	at utils.Reporter.reportStep(Reporter.java:46)
	at wrappers.GenericWrappers.takeSnap(GenericWrappers.java:677)
	at utils.Reporter.reportStep(Reporter.java:23)
	at utils.Reporter.reportStep(Reporter.java:46)
	at wrappers.GenericWrappers.takeSnap(GenericWrappers.java:677)
	at utils.Reporter.reportStep(Reporter.java:23)
	at utils.Reporter.reportStep(Reporter.java:46)
	at wrappers.GenericWrappers.takeSnap(GenericWrappers.java:677)
	at utils.Reporter.reportStep(Reporter.java:23)
	at utils.Reporter.reportStep(Reporter.java:46)
	at wrappers.GenericWrappers.takeSnap(GenericWrappers.java:677)
	at utils.Reporter.reportStep(Reporter.java:23)
	at utils.Reporter.reportStep(Reporter.java:46)
	at wrappers.GenericWrappers.takeSnap(GenericWrappers.java:677)
	at utils.Reporter.reportStep(Reporter.java:23)
	at utils.Reporter.reportStep(Reporter.java:46)
	at wrappers.GenericWrappers.takeSnap(GenericWrappers.java:677)
	at utils.Reporter.reportStep(Reporter.java:23)
	at utils.Reporter.reportStep(Reporter.java:46)
	at wrappers.GenericWrappers.takeSnap(GenericWrappers.java:677)
	at utils.Reporter.reportStep(Reporter.java:23)
	at utils.Reporter.reportStep(Reporter.java:46)
	at wrappers.GenericWrappers.takeSnap(GenericWrappers.java:677)
	at utils.Reporter.reportStep(Reporter.java:23)
	at utils.Reporter.reportStep(Reporter.java:46)
	at wrappers.GenericWrappers.takeSnap(GenericWrappers.java:677)
	at utils.Reporter.reportStep(Reporter.java:23)
	at utils.Reporter.reportStep(Reporter.java:46)
	at wrappers.GenericWrappers.takeSnap(GenericWrappers.java:677)
	at utils.Reporter.reportStep(Reporter.java:23)
	at utils.Reporter.reportStep(Reporter.java:46)
	at wrappers.GenericWrappers.takeSnap(GenericWrappers.java:677)
	at utils.Reporter.reportStep(Reporter.java:23)
	at utils.Reporter.reportStep(Reporter.java:46)
	at wrappers.GenericWrappers.takeSnap(GenericWrappers.java:677)
	at utils.Reporter.reportStep(Reporter.java:23)
	at utils.Reporter.reportStep(Reporter.java:46)
	at wrappers.GenericWrappers.takeSnap(GenericWrappers.java:677)
	at utils.Reporter.reportStep(Reporter.java:23)
	at utils.Reporter.reportStep(Reporter.java:46)
	at wrappers.GenericWrappers.takeSnap(GenericWrappers.java:677)
	at utils.Reporter.reportStep(Reporter.java:23)
	at utils.Reporter.reportStep(Reporter.java:46)
	at wrappers.GenericWrappers.takeSnap(GenericWrappers.java:677)
	at utils.Reporter.reportStep(Reporter.java:23)
	at utils.Reporter.reportStep(Reporter.java:46)
	at wrappers.GenericWrappers.takeSnap(GenericWrappers.java:677)
	at utils.Reporter.reportStep(Reporter.java:23)
	at utils.Reporter.reportStep(Reporter.java:46)
	at wrappers.GenericWrappers.takeSnap(GenericWrappers.java:677)
	at utils.Reporter.reportStep(Reporter.java:23)
	at utils.Reporter.reportStep(Reporter.java:46)
	at wrappers.GenericWrappers.takeSnap(GenericWrappers.java:677)
	at utils.Reporter.reportStep(Reporter.java:23)
	at utils.Reporter.reportStep(Reporter.java:46)
	at wrappers.GenericWrappers.takeSnap(GenericWrappers.java:677)
	at utils.Reporter.reportStep(Reporter.java:23)
	at utils.Reporter.reportStep(Reporter.java:46)
	at wrappers.GenericWrappers.takeSnap(GenericWrappers.java:677)
	at utils.Reporter.reportStep(Reporter.java:23)
	at utils.Reporter.reportStep(Reporter.java:46)
	at wrappers.GenericWrappers.takeSnap(GenericWrappers.java:677)
	at utils.Reporter.reportStep(Reporter.java:23)
	at utils.Reporter.reportStep(Reporter.java:46)
	at wrappers.GenericWrappers.takeSnap(GenericWrappers.java:677)
	at utils.Reporter.reportStep(Reporter.java:23)
	at utils.Reporter.reportStep(Reporter.java:46)
	at wrappers.GenericWrappers.takeSnap(GenericWrappers.java:677)
	at utils.Reporter.reportStep(Reporter.java:23)
	at utils.Reporter.reportStep(Reporter.java:46)
	at wrappers.GenericWrappers.takeSnap(GenericWrappers.java:677)
	at utils.Reporter.reportStep(Reporter.java:23)
	at utils.Reporter.reportStep(Reporter.java:46)
	at wrappers.GenericWrappers.takeSnap(GenericWrappers.java:677)
	at utils.Reporter.reportStep(Reporter.java:23)
	at utils.Reporter.reportStep(Reporter.java:46)
	at wrappers.GenericWrappers.takeSnap(GenericWrappers.java:677)
	at utils.Reporter.reportStep(Reporter.java:23)
	at utils.Reporter.reportStep(Reporter.java:46)
	at wrappers.GenericWrappers.takeSnap(GenericWrappers.java:677)
	at utils.Reporter.reportStep(Reporter.java:23)
	at utils.Reporter.reportStep(Reporter.java:46)
	at wrappers.GenericWrappers.takeSnap(GenericWrappers.java:677)
	at utils.Reporter.reportStep(Reporter.java:23)
	at utils.Reporter.reportStep(Reporter.java:46)
	at wrappers.GenericWrappers.takeSnap(GenericWrappers.java:677)
	at utils.Reporter.reportStep(Reporter.java:23)
	at utils.Reporter.reportStep(Reporter.java:46)
	at wrappers.GenericWrappers.takeSnap(GenericWrappers.java:677)
	at utils.Reporter.reportStep(Reporter.java:23)
	at utils.Reporter.reportStep(Reporter.java:46)
	at wrappers.GenericWrappers.takeSnap(GenericWrappers.java:677)
	at utils.Reporter.reportStep(Reporter.java:23)
	at utils.Reporter.reportStep(Reporter.java:46)
	at wrappers.GenericWrappers.takeSnap(GenericWrappers.java:677)
	at utils.Reporter.reportStep(Reporter.java:23)
	at utils.Reporter.reportStep(Reporter.java:46)
	at wrappers.GenericWrappers.takeSnap(GenericWrappers.java:677)
	at utils.Reporter.reportStep(Reporter.java:23)
	at utils.Reporter.reportStep(Reporter.java:46)
	at wrappers.GenericWrappers.takeSnap(GenericWrappers.java:677)
	at utils.Reporter.reportStep(Reporter.java:23)
	at utils.Reporter.reportStep(Reporter.java:46)
	at wrappers.GenericWrappers.takeSnap(GenericWrappers.java:677)
	at utils.Reporter.reportStep(Reporter.java:23)
	at utils.Reporter.reportStep(Reporter.java:46)
	at wrappers.GenericWrappers.takeSnap(GenericWrappers.java:677)
	at utils.Reporter.reportStep(Reporter.java:23)
	at utils.Reporter.reportStep(Reporter.java:46)
	at wrappers.GenericWrappers.takeSnap(GenericWrappers.java:677)
	at utils.Reporter.reportStep(Reporter.java:23)
	at utils.Reporter.reportStep(Reporter.java:46)
	at wrappers.GenericWrappers.takeSnap(GenericWrappers.java:677)
	at utils.Reporter.reportStep(Reporter.java:23)
	at utils.Reporter.reportStep(Reporter.java:46)
	at wrappers.GenericWrappers.takeSnap(GenericWrappers.java:677)
	at utils.Reporter.reportStep(Reporter.java:23)
	at utils.Reporter.reportStep(Reporter.java:46)
	at wrappers.GenericWrappers.takeSnap(GenericWrappers.java:677)
	at utils.Reporter.reportStep(Reporter.java:23)
	at utils.Reporter.reportStep(Reporter.java:46)
	at wrappers.GenericWrappers.takeSnap(GenericWrappers.java:677)
	at utils.Reporter.reportStep(Reporter.java:23)
	at utils.Reporter.reportStep(Reporter.java:46)
	at wrappers.GenericWrappers.takeSnap(GenericWrappers.java:677)
	at utils.Reporter.reportStep(Reporter.java:23)
	at utils.Reporter.reportStep(Reporter.java:46)
	at wrappers.GenericWrappers.takeSnap(GenericWrappers.java:677)
	at utils.Reporter.reportStep(Reporter.java:23)
	at utils.Reporter.reportStep(Reporter.java:46)
	at wrappers.GenericWrappers.takeSnap(GenericWrappers.java:677)
	at utils.Reporter.reportStep(Reporter.java:23)
	at utils.Reporter.reportStep(Reporter.java:46)
	at wrappers.GenericWrappers.takeSnap(GenericWrappers.java:677)
	at utils.Reporter.reportStep(Reporter.java:23)
	at utils.Reporter.reportStep(Reporter.java:46)
	at wrappers.GenericWrappers.takeSnap(GenericWrappers.java:677)
	at utils.Reporter.reportStep(Reporter.java:23)
	at utils.Reporter.reportStep(Reporter.java:46)
	at wrappers.GenericWrappers.takeSnap(GenericWrappers.java:677)
	at utils.Reporter.reportStep(Reporter.java:23)
	at utils.Reporter.reportStep(Reporter.java:46)
	at wrappers.GenericWrappers.takeSnap(GenericWrappers.java:677)
	at utils.Reporter.reportStep(Reporter.java:23)
	at utils.Reporter.reportStep(Reporter.java:46)
	at wrappers.GenericWrappers.takeSnap(GenericWrappers.java:677)
	at utils.Reporter.reportStep(Reporter.java:23)
	at utils.Reporter.reportStep(Reporter.java:46)
	at wrappers.GenericWrappers.takeSnap(GenericWrappers.java:677)
	at utils.Reporter.reportStep(Reporter.java:23)
	at utils.Reporter.reportStep(Reporter.java:46)
	at wrappers.GenericWrappers.takeSnap(GenericWrappers.java:677)
	at utils.Reporter.reportStep(Reporter.java:23)
	at utils.Reporter.reportStep(Reporter.java:46)
	at wrappers.GenericWrappers.takeSnap(GenericWrappers.java:677)
	at utils.Reporter.reportStep(Reporter.java:23)
	at utils.Reporter.reportStep(Reporter.java:46)
	at wrappers.GenericWrappers.takeSnap(GenericWrappers.java:677)
	at utils.Reporter.reportStep(Reporter.java:23)
	at utils.Reporter.reportStep(Reporter.java:46)
	at wrappers.GenericWrappers.takeSnap(GenericWrappers.java:677)
	at utils.Reporter.reportStep(Reporter.java:23)
	at utils.Reporter.reportStep(Reporter.java:46)
	at wrappers.GenericWrappers.takeSnap(GenericWrappers.java:677)
	at utils.Reporter.reportStep(Reporter.java:23)
	at utils.Reporter.reportStep(Reporter.java:46)
	at wrappers.GenericWrappers.takeSnap(GenericWrappers.java:677)
	at utils.Reporter.reportStep(Reporter.java:23)
	at utils.Reporter.reportStep(Reporter.java:46)
	at wrappers.GenericWrappers.takeSnap(GenericWrappers.java:677)
	at utils.Reporter.reportStep(Reporter.java:23)
	at utils.Reporter.reportStep(Reporter.java:46)
	at wrappers.GenericWrappers.takeSnap(GenericWrappers.java:677)
	at utils.Reporter.reportStep(Reporter.java:23)
	at utils.Reporter.reportStep(Reporter.java:46)
	at wrappers.GenericWrappers.takeSnap(GenericWrappers.java:677)
	at utils.Reporter.reportStep(Reporter.java:23)
	at utils.Reporter.reportStep(Reporter.java:46)
	at wrappers.GenericWrappers.takeSnap(GenericWrappers.java:677)
	at utils.Reporter.reportStep(Reporter.java:23)
	at utils.Reporter.reportStep(Reporter.java:46)
	at wrappers.GenericWrappers.takeSnap(GenericWrappers.java:677)
	at utils.Reporter.reportStep(Reporter.java:23)
	at utils.Reporter.reportStep(Reporter.java:46)
	at wrappers.GenericWrappers.takeSnap(GenericWrappers.java:677)
	at utils.Reporter.reportStep(Reporter.java:23)
	at utils.Reporter.reportStep(Reporter.java:46)
	at wrappers.GenericWrappers.takeSnap(GenericWrappers.java:677)
	at utils.Reporter.reportStep(Reporter.java:23)
	at utils.Reporter.reportStep(Reporter.java:46)
	at wrappers.GenericWrappers.takeSnap(GenericWrappers.java:677)
	at utils.Reporter.reportStep(Reporter.java:23)
	at utils.Reporter.reportStep(Reporter.java:46)
	at wrappers.GenericWrappers.takeSnap(GenericWrappers.java:677)
	at utils.Reporter.reportStep(Reporter.java:23)
	at utils.Reporter.reportStep(Reporter.java:46)
	at wrappers.GenericWrappers.takeSnap(GenericWrappers.java:677)
	at utils.Reporter.reportStep(Reporter.java:23)
	at utils.Reporter.reportStep(Reporter.java:46)
	at wrappers.GenericWrappers.takeSnap(GenericWrappers.java:677)
	at utils.Reporter.reportStep(Reporter.java:23)
	at utils.Reporter.reportStep(Reporter.java:46)
	at wrappers.GenericWrappers.takeSnap(GenericWrappers.java:677)
	at utils.Reporter.reportStep(Reporter.java:23)
	at utils.Reporter.reportStep(Reporter.java:46)
	at wrappers.GenericWrappers.takeSnap(GenericWrappers.java:677)
	at utils.Reporter.reportStep(Reporter.java:23)
	at utils.Reporter.reportStep(Reporter.java:46)
	at wrappers.GenericWrappers.takeSnap(GenericWrappers.java:677)
	at utils.Reporter.reportStep(Reporter.java:23)
	at utils.Reporter.reportStep(Reporter.java:46)
	at wrappers.GenericWrappers.takeSnap(GenericWrappers.java:677)
	at utils.Reporter.reportStep(Reporter.java:23)
	at utils.Reporter.reportStep(Reporter.java:46)
	at wrappers.GenericWrappers.takeSnap(GenericWrappers.java:677)
	at utils.Reporter.reportStep(Reporter.java:23)
	at utils.Reporter.reportStep(Reporter.java:46)
	at wrappers.GenericWrappers.takeSnap(GenericWrappers.java:677)
	at utils.Reporter.reportStep(Reporter.java:23)
	at utils.Reporter.reportStep(Reporter.java:46)
	at wrappers.GenericWrappers.takeSnap(GenericWrappers.java:677)
	at utils.Reporter.reportStep(Reporter.java:23)
	at utils.Reporter.reportStep(Reporter.java:46)
	at wrappers.GenericWrappers.takeSnap(GenericWrappers.java:677)
[...]
	at wrappers.GenericWrappers.takeSnap(GenericWrappers.java:677)
	at utils.Reporter.reportStep(Reporter.java:23)
	at utils.Reporter.reportStep(Reporter.java:46)
	at wrappers.GenericWrappers.takeSnap(GenericWrappers.java:677)
	at utils.Reporter.reportStep(Reporter.java:23)
	at utils.Reporter.reportStep(Reporter.java:46)
	at wrappers.GenericWrappers.takeSnap(GenericWrappers.java:677)
	at utils.Reporter.reportStep(Reporter.java:23)
	at utils.Reporter.reportStep(Reporter.java:46)
	at wrappers.GenericWrappers.takeSnap(GenericWrappers.java:677)
	at utils.Reporter.reportStep(Reporter.java:23)
	at utils.Reporter.reportStep(Reporter.java:46)
	at wrappers.GenericWrappers.takeSnap(GenericWrappers.java:677)
	at utils.Reporter.reportStep(Reporter.java:23)
	at utils.Reporter.reportStep(Reporter.java:46)
	at wrappers.GenericWrappers.takeSnap(GenericWrappers.java:677)
	at utils.Reporter.reportStep(Reporter.java:23)
	at utils.Reporter.reportStep(Reporter.java:46)
	at wrappers.GenericWrappers.takeSnap(GenericWrappers.java:677)
	at utils.Reporter.reportStep(Reporter.java:23)
	at utils.Reporter.reportStep(Reporter.java:46)
	at wrappers.GenericWrappers.takeSnap(GenericWrappers.java:677)
	at utils.Reporter.reportStep(Reporter.java:23)
	at utils.Reporter.reportStep(Reporter.java:46)
	at wrappers.GenericWrappers.takeSnap(GenericWrappers.java:677)
	at utils.Reporter.reportStep(Reporter.java:23)
	at utils.Reporter.reportStep(Reporter.java:46)
	at wrappers.GenericWrappers.takeSnap(GenericWrappers.java:677)
	at utils.Reporter.reportStep(Reporter.java:23)
	at utils.Reporter.reportStep(Reporter.java:46)
	at wrappers.GenericWrappers.takeSnap(GenericWrappers.java:677)
	at utils.Reporter.reportStep(Reporter.java:23)
	at utils.Reporter.reportStep(Reporter.java:46)
	at wrappers.GenericWrappers.takeSnap(GenericWrappers.java:677)
	at utils.Reporter.reportStep(Reporter.java:23)
	at utils.Reporter.reportStep(Reporter.java:46)
	at wrappers.GenericWrappers.takeSnap(GenericWrappers.java:677)
	at utils.Reporter.reportStep(Reporter.java:23)
	at utils.Reporter.reportStep(Reporter.java:46)
	at wrappers.GenericWrappers.takeSnap(GenericWrappers.java:677)
	at utils.Reporter.reportStep(Reporter.java:23)
	at utils.Reporter.reportStep(Reporter.java:46)
	at wrappers.GenericWrappers.takeSnap(GenericWrappers.java:677)
	at utils.Reporter.reportStep(Reporter.java:23)
	at utils.Reporter.reportStep(Reporter.java:46)
	at wrappers.GenericWrappers.takeSnap(GenericWrappers.java:677)
	at utils.Reporter.reportStep(Reporter.java:23)
	at utils.Reporter.reportStep(Reporter.java:46)
	at wrappers.GenericWrappers.takeSnap(GenericWrappers.java:677)
	at utils.Reporter.reportStep(Reporter.java:23)
	at utils.Reporter.reportStep(Reporter.java:46)
	at wrappers.GenericWrappers.takeSnap(GenericWrappers.java:677)
	at utils.Reporter.reportStep(Reporter.java:23)
	at utils.Reporter.reportStep(Reporter.java:46)
	at wrappers.GenericWrappers.takeSnap(GenericWrappers.java:677)
	at utils.Reporter.reportStep(Reporter.java:23)
	at utils.Reporter.reportStep(Reporter.java:46)
	at wrappers.GenericWrappers.takeSnap(GenericWrappers.java:677)
	at utils.Reporter.reportStep(Reporter.java:23)
	at utils.Reporter.reportStep(Reporter.java:46)
	at wrappers.GenericWrappers.takeSnap(GenericWrappers.java:677)
	at utils.Reporter.reportStep(Reporter.java:23)
	at utils.Reporter.reportStep(Reporter.java:46)
	at wrappers.GenericWrappers.takeSnap(GenericWrappers.java:677)
	at utils.Reporter.reportStep(Reporter.java:23)
	at utils.Reporter.reportStep(Reporter.java:46)
	at wrappers.GenericWrappers.takeSnap(GenericWrappers.java:677)
	at utils.Reporter.reportStep(Reporter.java:23)
	at utils.Reporter.reportStep(Reporter.java:46)
	at wrappers.GenericWrappers.takeSnap(GenericWrappers.java:677)
	at utils.Reporter.reportStep(Reporter.java:23)
	at utils.Reporter.reportStep(Reporter.java:46)
	at wrappers.GenericWrappers.takeSnap(GenericWrappers.java:677)
	at utils.Reporter.reportStep(Reporter.java:23)
	at utils.Reporter.reportStep(Reporter.java:46)
	at wrappers.GenericWrappers.takeSnap(GenericWrappers.java:677)
	at utils.Reporter.reportStep(Reporter.java:23)
	at utils.Reporter.reportStep(Reporter.java:46)
	at wrappers.GenericWrappers.takeSnap(GenericWrappers.java:677)
	at utils.Reporter.reportStep(Reporter.java:23)
	at utils.Reporter.reportStep(Reporter.java:46)
	at wrappers.GenericWrappers.takeSnap(GenericWrappers.java:677)
	at utils.Reporter.reportStep(Reporter.java:23)
	at utils.Reporter.reportStep(Reporter.java:46)
	at wrappers.GenericWrappers.takeSnap(GenericWrappers.java:677)
	at utils.Reporter.reportStep(Reporter.java:23)
	at utils.Reporter.reportStep(Reporter.java:46)
	at wrappers.GenericWrappers.takeSnap(GenericWrappers.java:677)
	at utils.Reporter.reportStep(Reporter.java:23)
	at utils.Reporter.reportStep(Reporter.java:46)
	at wrappers.GenericWrappers.takeSnap(GenericWrappers.java:677)
	at utils.Reporter.reportStep(Reporter.java:23)
	at utils.Reporter.reportStep(Reporter.java:46)
	at wrappers.GenericWrappers.takeSnap(GenericWrappers.java:677)
	at utils.Reporter.reportStep(Reporter.java:23)
	at utils.Reporter.reportStep(Reporter.java:46)
	at wrappers.GenericWrappers.takeSnap(GenericWrappers.java:677)
	at utils.Reporter.reportStep(Reporter.java:23)
	at utils.Reporter.reportStep(Reporter.java:46)
	at wrappers.GenericWrappers.takeSnap(GenericWrappers.java:677)
	at utils.Reporter.reportStep(Reporter.java:23)
	at utils.Reporter.reportStep(Reporter.java:46)
	at wrappers.GenericWrappers.takeSnap(GenericWrappers.java:677)
	at utils.Reporter.reportStep(Reporter.java:23)
	at utils.Reporter.reportStep(Reporter.java:46)
	at wrappers.GenericWrappers.takeSnap(GenericWrappers.java:677)
	at utils.Reporter.reportStep(Reporter.java:23)
	at utils.Reporter.reportStep(Reporter.java:46)
	at wrappers.GenericWrappers.takeSnap(GenericWrappers.java:677)
	at utils.Reporter.reportStep(Reporter.java:23)
	at utils.Reporter.reportStep(Reporter.java:46)
	at wrappers.GenericWrappers.takeSnap(GenericWrappers.java:677)
	at utils.Reporter.reportStep(Reporter.java:23)
	at utils.Reporter.reportStep(Reporter.java:46)
	at wrappers.GenericWrappers.takeSnap(GenericWrappers.java:677)
	at utils.Reporter.reportStep(Reporter.java:23)
	at utils.Reporter.reportStep(Reporter.java:46)
	at wrappers.GenericWrappers.takeSnap(GenericWrappers.java:677)
	at utils.Reporter.reportStep(Reporter.java:23)
	at utils.Reporter.reportStep(Reporter.java:46)
	at wrappers.GenericWrappers.takeSnap(GenericWrappers.java:677)
	at utils.Reporter.reportStep(Reporter.java:23)
	at utils.Reporter.reportStep(Reporter.java:46)
	at wrappers.GenericWrappers.takeSnap(GenericWrappers.java:677)
	at utils.Reporter.reportStep(Reporter.java:23)
	at utils.Reporter.reportStep(Reporter.java:46)
	at wrappers.GenericWrappers.takeSnap(GenericWrappers.java:677)
	at utils.Reporter.reportStep(Reporter.java:23)
	at utils.Reporter.reportStep(Reporter.java:46)
	at wrappers.GenericWrappers.takeSnap(GenericWrappers.java:677)
	at utils.Reporter.reportStep(Reporter.java:23)
	at utils.Reporter.reportStep(Reporter.java:46)
	at wrappers.GenericWrappers.takeSnap(GenericWrappers.java:677)
	at utils.Reporter.reportStep(Reporter.java:23)
	at utils.Reporter.reportStep(Reporter.java:46)
	at wrappers.GenericWrappers.takeSnap(GenericWrappers.java:677)
	at utils.Reporter.reportStep(Reporter.java:23)
	at utils.Reporter.reportStep(Reporter.java:46)
	at wrappers.GenericWrappers.takeSnap(GenericWrappers.java:677)
	at utils.Reporter.reportStep(Reporter.java:23)
	at utils.Reporter.reportStep(Reporter.java:46)
	at wrappers.GenericWrappers.takeSnap(GenericWrappers.java:677)
	at utils.Reporter.reportStep(Reporter.java:23)
	at utils.Reporter.reportStep(Reporter.java:46)
	at wrappers.GenericWrappers.takeSnap(GenericWrappers.java:677)
	at utils.Reporter.reportStep(Reporter.java:23)
	at utils.Reporter.reportStep(Reporter.java:46)
	at wrappers.GenericWrappers.takeSnap(GenericWrappers.java:677)
	at utils.Reporter.reportStep(Reporter.java:23)
	at utils.Reporter.reportStep(Reporter.java:46)
	at wrappers.GenericWrappers.takeSnap(GenericWrappers.java:677)
	at utils.Reporter.reportStep(Reporter.java:23)
	at utils.Reporter.reportStep(Reporter.java:46)
	at wrappers.GenericWrappers.takeSnap(GenericWrappers.java:677)
	at utils.Reporter.reportStep(Reporter.java:23)
	at utils.Reporter.reportStep(Reporter.java:46)
	at wrappers.GenericWrappers.takeSnap(GenericWrappers.java:677)
	at utils.Reporter.reportStep(Reporter.java:23)
	at utils.Reporter.reportStep(Reporter.java:46)
	at wrappers.GenericWrappers.takeSnap(GenericWrappers.java:677)
	at utils.Reporter.reportStep(Reporter.java:23)
	at utils.Reporter.reportStep(Reporter.java:46)
	at wrappers.GenericWrappers.takeSnap(GenericWrappers.java:677)
	at utils.Reporter.reportStep(Reporter.java:23)
	at utils.Reporter.reportStep(Reporter.java:46)
	at wrappers.GenericWrappers.takeSnap(GenericWrappers.java:677)
	at utils.Reporter.reportStep(Reporter.java:23)
	at utils.Reporter.reportStep(Reporter.java:46)
	at wrappers.GenericWrappers.takeSnap(GenericWrappers.java:677)
	at utils.Reporter.reportStep(Reporter.java:23)
	at utils.Reporter.reportStep(Reporter.java:46)
	at wrappers.GenericWrappers.takeSnap(GenericWrappers.java:677)
	at utils.Reporter.reportStep(Reporter.java:23)
	at utils.Reporter.reportStep(Reporter.java:46)
	at wrappers.GenericWrappers.takeSnap(GenericWrappers.java:677)
	at utils.Reporter.reportStep(Reporter.java:23)
	at utils.Reporter.reportStep(Reporter.java:46)
	at wrappers.GenericWrappers.takeSnap(GenericWrappers.java:677)
	at utils.Reporter.reportStep(Reporter.java:23)
	at utils.Reporter.reportStep(Reporter.java:46)
	at wrappers.GenericWrappers.takeSnap(GenericWrappers.java:677)
	at utils.Reporter.reportStep(Reporter.java:23)
	at utils.Reporter.reportStep(Reporter.java:46)
	at wrappers.GenericWrappers.takeSnap(GenericWrappers.java:677)
	at utils.Reporter.reportStep(Reporter.java:23)
	at utils.Reporter.reportStep(Reporter.java:46)
	at wrappers.GenericWrappers.takeSnap(GenericWrappers.java:677)
	at utils.Reporter.reportStep(Reporter.java:23)
	at utils.Reporter.reportStep(Reporter.java:46)
	at wrappers.GenericWrappers.takeSnap(GenericWrappers.java:677)
	at utils.Reporter.reportStep(Reporter.java:23)
	at utils.Reporter.reportStep(Reporter.java:46)
	at wrappers.GenericWrappers.takeSnap(GenericWrappers.java:677)
	at utils.Reporter.reportStep(Reporter.java:23)
	at utils.Reporter.reportStep(Reporter.java:46)
	at wrappers.GenericWrappers.takeSnap(GenericWrappers.java:677)
	at utils.Reporter.reportStep(Reporter.java:23)
	at utils.Reporter.reportStep(Reporter.java:46)
	at wrappers.GenericWrappers.takeSnap(GenericWrappers.java:677)
	at utils.Reporter.reportStep(Reporter.java:23)
	at utils.Reporter.reportStep(Reporter.java:46)
	at wrappers.GenericWrappers.takeSnap(GenericWrappers.java:677)
	at utils.Reporter.reportStep(Reporter.java:23)
	at utils.Reporter.reportStep(Reporter.java:46)
	at wrappers.GenericWrappers.takeSnap(GenericWrappers.java:677)
	at utils.Reporter.reportStep(Reporter.java:23)
	at utils.Reporter.reportStep(Reporter.java:46)
	at wrappers.GenericWrappers.takeSnap(GenericWrappers.java:677)
	at utils.Reporter.reportStep(Reporter.java:23)
	at utils.Reporter.reportStep(Reporter.java:46)
	at wrappers.GenericWrappers.takeSnap(GenericWrappers.java:677)
	at utils.Reporter.reportStep(Reporter.java:23)
	at utils.Reporter.reportStep(Reporter.java:46)
	at wrappers.GenericWrappers.takeSnap(GenericWrappers.java:677)
	at utils.Reporter.reportStep(Reporter.java:23)
	at utils.Reporter.reportStep(Reporter.java:46)
	at wrappers.GenericWrappers.takeSnap(GenericWrappers.java:677)
	at utils.Reporter.reportStep(Reporter.java:23)
	at utils.Reporter.reportStep(Reporter.java:46)
	at wrappers.GenericWrappers.takeSnap(GenericWrappers.java:677)
	at utils.Reporter.reportStep(Reporter.java:23)
	at utils.Reporter.reportStep(Reporter.java:46)
	at wrappers.GenericWrappers.takeSnap(GenericWrappers.java:677)
	at utils.Reporter.reportStep(Reporter.java:23)
	at utils.Reporter.reportStep(Reporter.java:46)
	at wrappers.GenericWrappers.takeSnap(GenericWrappers.java:677)
	at utils.Reporter.reportStep(Reporter.java:23)
	at utils.Reporter.reportStep(Reporter.java:46)
	at wrappers.GenericWrappers.takeSnap(GenericWrappers.java:677)
	at utils.Reporter.reportStep(Reporter.java:23)
	at utils.Reporter.reportStep(Reporter.java:46)
	at wrappers.GenericWrappers.takeSnap(GenericWrappers.java:677)
	at utils.Reporter.reportStep(Reporter.java:23)
	at utils.Reporter.reportStep(Reporter.java:46)
	at wrappers.GenericWrappers.takeSnap(GenericWrappers.java:677)
	at utils.Reporter.reportStep(Reporter.java:23)
	at utils.Reporter.reportStep(Reporter.java:46)
	at wrappers.GenericWrappers.takeSnap(GenericWrappers.java:677)
	at utils.Reporter.reportStep(Reporter.java:23)
	at utils.Reporter.reportStep(Reporter.java:46)
	at wrappers.GenericWrappers.takeSnap(GenericWrappers.java:677)
	at utils.Reporter.reportStep(Reporter.java:23)
	at utils.Reporter.reportStep(Reporter.java:46)
	at wrappers.GenericWrappers.takeSnap(GenericWrappers.java:677)
	at utils.Reporter.reportStep(Reporter.java:23)
	at utils.Reporter.reportStep(Reporter.java:46)
	at wrappers.GenericWrappers.takeSnap(GenericWrappers.java:677)
	at utils.Reporter.reportStep(Reporter.java:23)
	at utils.Reporter.reportStep(Reporter.java:46)
	at wrappers.GenericWrappers.takeSnap(GenericWrappers.java:677)
	at utils.Reporter.reportStep(Reporter.java:23)
	at utils.Reporter.reportStep(Reporter.java:46)
	at wrappers.GenericWrappers.takeSnap(GenericWrappers.java:677)
	at utils.Reporter.reportStep(Reporter.java:23)
	at utils.Reporter.reportStep(Reporter.java:46)
	at wrappers.GenericWrappers.takeSnap(GenericWrappers.java:677)
	at utils.Reporter.reportStep(Reporter.java:23)
	at utils.Reporter.reportStep(Reporter.java:46)
	at wrappers.GenericWrappers.takeSnap(GenericWrappers.java:677)
	at utils.Reporter.reportStep(Reporter.java:23)
	at utils.Reporter.reportStep(Reporter.java:46)
	at wrappers.GenericWrappers.takeSnap(GenericWrappers.java:677)
	at utils.Reporter.reportStep(Reporter.java:23)
	at utils.Reporter.reportStep(Reporter.java:46)
	at wrappers.GenericWrappers.takeSnap(GenericWrappers.java:677)
	at utils.Reporter.reportStep(Reporter.java:23)
	at utils.Reporter.reportStep(Reporter.java:46)
	at wrappers.GenericWrappers.takeSnap(GenericWrappers.java:677)
	at utils.Reporter.reportStep(Reporter.java:23)
	at utils.Reporter.reportStep(Reporter.java:46)
	at wrappers.GenericWrappers.takeSnap(GenericWrappers.java:677)
	at utils.Reporter.reportStep(Reporter.java:23)
	at utils.Reporter.reportStep(Reporter.java:46)
	at wrappers.GenericWrappers.takeSnap(GenericWrappers.java:677)
	at utils.Reporter.reportStep(Reporter.java:23)
	at utils.Reporter.reportStep(Reporter.java:46)
	at wrappers.GenericWrappers.takeSnap(GenericWrappers.java:677)
	at utils.Reporter.reportStep(Reporter.java:23)
	at utils.Reporter.reportStep(Reporter.java:46)
	at wrappers.GenericWrappers.takeSnap(GenericWrappers.java:677)
	at utils.Reporter.reportStep(Reporter.java:23)
	at utils.Reporter.reportStep(Reporter.java:46)
	at wrappers.GenericWrappers.takeSnap(GenericWrappers.java:677)
	at utils.Reporter.reportStep(Reporter.java:23)
	at utils.Reporter.reportStep(Reporter.java:46)
	at wrappers.GenericWrappers.takeSnap(GenericWrappers.java:677)
	at utils.Reporter.reportStep(Reporter.java:23)
	at utils.Reporter.reportStep(Reporter.java:46)
	at wrappers.GenericWrappers.takeSnap(GenericWrappers.java:677)
	at utils.Reporter.reportStep(Reporter.java:23)
	at utils.Reporter.reportStep(Reporter.java:46)
	at wrappers.GenericWrappers.takeSnap(GenericWrappers.java:677)
	at utils.Reporter.reportStep(Reporter.java:23)
	at utils.Reporter.reportStep(Reporter.java:46)
	at wrappers.GenericWrappers.takeSnap(GenericWrappers.java:677)
	at utils.Reporter.reportStep(Reporter.java:23)
	at utils.Reporter.reportStep(Reporter.java:46)
	at wrappers.GenericWrappers.takeSnap(GenericWrappers.java:677)
	at utils.Reporter.reportStep(Reporter.java:23)
	at utils.Reporter.reportStep(Reporter.java:46)
	at wrappers.GenericWrappers.takeSnap(GenericWrappers.java:677)
	at utils.Reporter.reportStep(Reporter.java:23)
	at utils.Reporter.reportStep(Reporter.java:46)
	at wrappers.GenericWrappers.takeSnap(GenericWrappers.java:677)
	at utils.Reporter.reportStep(Reporter.java:23)
	at utils.Reporter.reportStep(Reporter.java:46)
	at wrappers.GenericWrappers.takeSnap(GenericWrappers.java:677)
	at utils.Reporter.reportStep(Reporter.java:23)
	at utils.Reporter.reportStep(Reporter.java:46)
	at wrappers.GenericWrappers.takeSnap(GenericWrappers.java:677)
	at utils.Reporter.reportStep(Reporter.java:23)
	at utils.Reporter.reportStep(Reporter.java:46)
	at wrappers.GenericWrappers.takeSnap(GenericWrappers.java:677)
	at utils.Reporter.reportStep(Reporter.java:23)
	at utils.Reporter.reportStep(Reporter.java:46)
	at wrappers.GenericWrappers.takeSnap(GenericWrappers.java:677)
	at utils.Reporter.reportStep(Reporter.java:23)
	at utils.Reporter.reportStep(Reporter.java:46)
	at wrappers.GenericWrappers.takeSnap(GenericWrappers.java:677)
	at utils.Reporter.reportStep(Reporter.java:23)
	at utils.Reporter.reportStep(Reporter.java:46)
	at wrappers.GenericWrappers.takeSnap(GenericWrappers.java:677)
	at utils.Reporter.reportStep(Reporter.java:23)
	at utils.Reporter.reportStep(Reporter.java:46)
	at wrappers.GenericWrappers.takeSnap(GenericWrappers.java:677)
	at utils.Reporter.reportStep(Reporter.java:23)
	at utils.Reporter.reportStep(Reporter.java:46)
	at wrappers.GenericWrappers.takeSnap(GenericWrappers.java:677)
	at utils.Reporter.reportStep(Reporter.java:23)
	at utils.Reporter.reportStep(Reporter.java:46)
	at wrappers.GenericWrappers.takeSnap(GenericWrappers.java:677)
	at utils.Reporter.reportStep(Reporter.java:23)
	at utils.Reporter.reportStep(Reporter.java:46)
	at wrappers.GenericWrappers.takeSnap(GenericWrappers.java:677)
	at utils.Reporter.reportStep(Reporter.java:23)
	at utils.Reporter.reportStep(Reporter.java:46)
	at wrappers.GenericWrappers.takeSnap(GenericWrappers.java:677)
	at utils.Reporter.reportStep(Reporter.java:23)
	at utils.Reporter.reportStep(Reporter.java:46)
	at wrappers.GenericWrappers.takeSnap(GenericWrappers.java:677)
	at utils.Reporter.reportStep(Reporter.java:23)
	at utils.Reporter.reportStep(Reporter.java:46)
	at wrappers.GenericWrappers.takeSnap(GenericWrappers.java:677)
	at utils.Reporter.reportStep(Reporter.java:23)
	at utils.Reporter.reportStep(Reporter.java:46)
	at wrappers.GenericWrappers.takeSnap(GenericWrappers.java:677)
	at utils.Reporter.reportStep(Reporter.java:23)
	at utils.Reporter.reportStep(Reporter.java:46)
	at wrappers.GenericWrappers.takeSnap(GenericWrappers.java:677)
	at utils.Reporter.reportStep(Reporter.java:23)
	at utils.Reporter.reportStep(Reporter.java:46)
	at wrappers.GenericWrappers.takeSnap(GenericWrappers.java:677)
	at utils.Reporter.reportStep(Reporter.java:23)
	at utils.Reporter.reportStep(Reporter.java:46)
	at wrappers.GenericWrappers.takeSnap(GenericWrappers.java:677)
	at utils.Reporter.reportStep(Reporter.java:23)
	at utils.Reporter.reportStep(Reporter.java:46)
	at wrappers.GenericWrappers.takeSnap(GenericWrappers.java:677)
	at utils.Reporter.reportStep(Reporter.java:23)
	at utils.Reporter.reportStep(Reporter.java:46)
	at wrappers.GenericWrappers.takeSnap(GenericWrappers.java:677)
	at utils.Reporter.reportStep(Reporter.java:23)
	at utils.Reporter.reportStep(Reporter.java:46)
]]>
    </failure>
  </testcase> <!-- Dashboard_5440934 -->
  <testcase classname="testcases.TC005_Dashboard" name="Dashboard_5441047" time="0.001">
    <skipped/>
  </testcase> <!-- Dashboard_5441047 -->
</testsuite> <!-- Smoke-Testing -->
